[01:55:38] Activated venv: /home/kalel1938/venvs/myenv/bin/activate
[01:55:39] Sourced OpenFOAM: /opt/openfoam13/etc/bashrc
[01:55:39] Post-processing force coefficients over FOM-only fields (low)...
[postprocess_force_coeffs] Wrote: /home/kalel1938/Documents/codex_projects/adaptive_model_reduction/results/low/fom_only/fom_only_case/postProcessing/forceCoeffsIncompressible/0/forceCoeffs.dat
[postprocess_force_coeffs] Meta: /home/kalel1938/Documents/codex_projects/adaptive_model_reduction/results/low/metrics/forceCoeffsIncompressible_fom_only_meta.json
[01:55:40] Post-processing force coefficients over ROM-reconstructed fields (low)...
[01:55:40] Activated venv: /home/kalel1938/venvs/myenv/bin/activate
[01:55:40] Using config: /home/kalel1938/Documents/codex_projects/adaptive_model_reduction/rom/configs/low.yaml
[01:55:40] Post-processing force coefficients over reconstructed ROM fields (adaptive case)...
[postprocess_force_coeffs] Wrote: /home/kalel1938/Documents/codex_projects/adaptive_model_reduction/results/low/adaptive/adaptive_case/postProcessing/forceCoeffsIncompressible/0/forceCoeffs.dat
[postprocess_force_coeffs] Meta: /home/kalel1938/Documents/codex_projects/adaptive_model_reduction/results/low/metrics/forceCoeffsIncompressible_adaptive_meta.json
[01:57:22] Done. Log saved to: /home/kalel1938/Documents/codex_projects/adaptive_model_reduction/results/logs/10_postprocess_coeffs_low_20251220_015540.log
[01:57:22] Post-processing force coefficients over ROM-reconstructed fields (high)...
[01:57:22] Activated venv: /home/kalel1938/venvs/myenv/bin/activate
[01:57:22] Using config: /home/kalel1938/Documents/codex_projects/adaptive_model_reduction/rom/configs/high.yaml
[01:57:22] Post-processing force coefficients over reconstructed ROM fields (adaptive case)...
[postprocess_force_coeffs] Wrote: /home/kalel1938/Documents/codex_projects/adaptive_model_reduction/results/high/adaptive/adaptive_case/postProcessing/forceCoeffsIncompressible/0/forceCoeffs.dat
[postprocess_force_coeffs] Meta: /home/kalel1938/Documents/codex_projects/adaptive_model_reduction/results/high/metrics/forceCoeffsIncompressible_adaptive_meta.json
[01:59:10] Done. Log saved to: /home/kalel1938/Documents/codex_projects/adaptive_model_reduction/results/logs/11_postprocess_coeffs_high_20251220_015722.log
[01:59:10] Post-processing force coefficients over FOM-only fields (high)...
[postprocess_force_coeffs] Wrote: /home/kalel1938/Documents/codex_projects/adaptive_model_reduction/results/high/fom_only/fom_only_case/postProcessing/forceCoeffsIncompressible/0/forceCoeffs.dat
[postprocess_force_coeffs] Meta: /home/kalel1938/Documents/codex_projects/adaptive_model_reduction/results/high/metrics/forceCoeffsIncompressible_fom_only_meta.json
[01:59:11] Generating tables/figures from results...
[report_assets] Wrote tables to: /home/kalel1938/Documents/codex_projects/adaptive_model_reduction/report/tables
[report_assets] Wrote/copied figures to: /home/kalel1938/Documents/codex_projects/adaptive_model_reduction/report/figures
[01:59:14] Generating BibTeX from references PDFs...
[references_bib] Wrote: /home/kalel1938/Documents/codex_projects/adaptive_model_reduction/report/report.bib (10 entries)
[01:59:14] Exporting first 3 POD velocity modes to an OpenFOAM case (low)...
[export_pod_modes] Wrote modes case: /home/kalel1938/Documents/codex_projects/adaptive_model_reduction/results/low/modes_case
[01:59:15] Attempting ParaView screenshots (pvpython)...
[pv_screenshots] Wrote screenshots to: /home/kalel1938/Documents/codex_projects/adaptive_model_reduction/report/figures
[01:59:23] Building combined FOM/ROM comparison figure...
[01:59:25] Auto-cropping ParaView screenshots (reduce whitespace)...
[01:59:29] Compiling LaTeX report...
This is pdfTeX, Version 3.141592653-2.6-1.40.28 (TeX Live 2025) (preloaded format=pdflatex)
 restricted \write18 enabled.
entering extended mode
(./report.tex
LaTeX2e <2025-06-01> patch level 1
L3 programming layer <2025-08-13>
(/usr/local/texlive/2025/texmf-dist/tex/latex/base/article.cls
Document Class: article 2025/01/22 v1.4n Standard LaTeX document class
(/usr/local/texlive/2025/texmf-dist/tex/latex/base/size11.clo))
(/usr/local/texlive/2025/texmf-dist/tex/latex/geometry/geometry.sty
(/usr/local/texlive/2025/texmf-dist/tex/latex/graphics/keyval.sty)
(/usr/local/texlive/2025/texmf-dist/tex/generic/iftex/ifvtex.sty
(/usr/local/texlive/2025/texmf-dist/tex/generic/iftex/iftex.sty)))
(/usr/local/texlive/2025/texmf-dist/tex/latex/graphics/graphicx.sty
(/usr/local/texlive/2025/texmf-dist/tex/latex/graphics/graphics.sty
(/usr/local/texlive/2025/texmf-dist/tex/latex/graphics/trig.sty)
(/usr/local/texlive/2025/texmf-dist/tex/latex/graphics-cfg/graphics.cfg)
(/usr/local/texlive/2025/texmf-dist/tex/latex/graphics-def/pdftex.def)))
(/usr/local/texlive/2025/texmf-dist/tex/latex/booktabs/booktabs.sty)
(/usr/local/texlive/2025/texmf-dist/tex/latex/hyperref/hyperref.sty
(/usr/local/texlive/2025/texmf-dist/tex/latex/kvsetkeys/kvsetkeys.sty)
(/usr/local/texlive/2025/texmf-dist/tex/generic/kvdefinekeys/kvdefinekeys.sty)
(/usr/local/texlive/2025/texmf-dist/tex/generic/pdfescape/pdfescape.sty
(/usr/local/texlive/2025/texmf-dist/tex/generic/ltxcmds/ltxcmds.sty)
(/usr/local/texlive/2025/texmf-dist/tex/generic/pdftexcmds/pdftexcmds.sty
(/usr/local/texlive/2025/texmf-dist/tex/generic/infwarerr/infwarerr.sty)))
(/usr/local/texlive/2025/texmf-dist/tex/latex/hycolor/hycolor.sty)
(/usr/local/texlive/2025/texmf-dist/tex/latex/hyperref/nameref.sty
(/usr/local/texlive/2025/texmf-dist/tex/latex/refcount/refcount.sty)
(/usr/local/texlive/2025/texmf-dist/tex/generic/gettitlestring/gettitlestring.s
ty (/usr/local/texlive/2025/texmf-dist/tex/latex/kvoptions/kvoptions.sty)))
(/usr/local/texlive/2025/texmf-dist/tex/latex/etoolbox/etoolbox.sty)
(/usr/local/texlive/2025/texmf-dist/tex/generic/stringenc/stringenc.sty)
(/usr/local/texlive/2025/texmf-dist/tex/latex/hyperref/pd1enc.def)
(/usr/local/texlive/2025/texmf-dist/tex/generic/intcalc/intcalc.sty)
(/usr/local/texlive/2025/texmf-dist/tex/latex/hyperref/puenc.def)
(/usr/local/texlive/2025/texmf-dist/tex/latex/url/url.sty)
(/usr/local/texlive/2025/texmf-dist/tex/generic/bitset/bitset.sty
(/usr/local/texlive/2025/texmf-dist/tex/generic/bigintcalc/bigintcalc.sty)))
(/usr/local/texlive/2025/texmf-dist/tex/latex/hyperref/hpdftex.def
(/usr/local/texlive/2025/texmf-dist/tex/latex/rerunfilecheck/rerunfilecheck.sty

(/usr/local/texlive/2025/texmf-dist/tex/generic/uniquecounter/uniquecounter.sty
))) (/usr/local/texlive/2025/texmf-dist/tex/latex/amsmath/amsmath.sty
For additional information on amsmath, use the `?' option.
(/usr/local/texlive/2025/texmf-dist/tex/latex/amsmath/amstext.sty
(/usr/local/texlive/2025/texmf-dist/tex/latex/amsmath/amsgen.sty))
(/usr/local/texlive/2025/texmf-dist/tex/latex/amsmath/amsbsy.sty)
(/usr/local/texlive/2025/texmf-dist/tex/latex/amsmath/amsopn.sty))
(/usr/local/texlive/2025/texmf-dist/tex/latex/siunitx/siunitx.sty
(/usr/local/texlive/2025/texmf-dist/tex/latex/translations/translations.sty)
(/usr/local/texlive/2025/texmf-dist/tex/latex/tools/array.sty))
(/usr/local/texlive/2025/texmf-dist/tex/latex/underscore/underscore.sty)
==> First Aid for underscore.sty applied!
(/usr/local/texlive/2025/texmf-dist/tex/latex/firstaid/underscore-ltx.sty)
(/usr/local/texlive/2025/texmf-dist/tex/latex/caption/subcaption.sty
(/usr/local/texlive/2025/texmf-dist/tex/latex/caption/caption.sty
(/usr/local/texlive/2025/texmf-dist/tex/latex/caption/caption3.sty)))
(/usr/local/texlive/2025/texmf-dist/tex/latex/graphics/color.sty
(/usr/local/texlive/2025/texmf-dist/tex/latex/graphics-cfg/color.cfg)
(/usr/local/texlive/2025/texmf-dist/tex/latex/graphics/mathcolor.ltx))
(/usr/local/texlive/2025/texmf-dist/tex/latex/l3backend/l3backend-pdftex.def)
(build/report.aux)
*geometry* driver: auto-detecting
*geometry* detected driver: pdftex
(/usr/local/texlive/2025/texmf-dist/tex/context/base/mkii/supp-pdf.mkii
[Loading MPS to PDF converter (version 2006.09.02).]
) (/usr/local/texlive/2025/texmf-dist/tex/latex/epstopdf-pkg/epstopdf-base.sty
(/usr/local/texlive/2025/texmf-dist/tex/latex/latexconfig/epstopdf-sys.cfg))
(build/report.out) (build/report.out)
(/usr/local/texlive/2025/texmf-dist/tex/latex/translations/translations-basic-d
ictionary-english.trsl)
[1{/usr/local/texlive/2025/texmf-var/fonts/map/pdftex/updmap/pdftex.map}]
(./tables/case_setup.tex) (./tables/case_settings.tex)
(./tables/rom_settings.tex) (./tables/pod_energy.tex) (./tables/force_stats.tex
) (./tables/summary_low.tex
[2])
[3{/usr/local/texlive/2025/texmf-dist/fonts/enc/dvips/cm-super/cm-super-ts1.enc
}] (./tables/summary_high.tex)
[4 <./figures/low_svd_U.png>]
[5 <./figures/low_svd_p.png>]
[6 <./figures/low_energy_U.png>] (build/report.bbl
[7 <./figures/low_energy_p.png>])
[8 <./figures/low_err_rom_only.png>]
[9 <./figures/low_timeline.png> <./figures/low_err_validate.png>]
[10 <./figures/low_speed.png> <./figures/low_forces.png>]
[11 <./figures/low_coeffs.png> <./figures/low_cl_fft.png>]
[12 <./figures/high_svd_U.png> <./figures/high_svd_p.png>]
[13 <./figures/high_energy_U.png> <./figures/high_energy_p.png>]
[14 <./figures/high_timeline.png> <./figures/high_err_validate.png>]
[15 <./figures/high_speed.png> <./figures/high_forces.png>]
[16 <./figures/high_coeffs.png> <./figures/high_cl_fft.png>]
[17 <./figures/mesh_low.png (PNG copy)> <./figures/mesh_low_zoom.png (PNG copy)
> <./figures/U_low_t0.png (PNG copy)> <./figures/U_low_tmid.png (PNG copy)> <./
figures/U_low_tend.png (PNG copy)> <./figures/p_low_tmid.png (PNG copy)> <./fig
ures/vort_low_tmid.png (PNG copy)> <./figures/U_rom_tmid.png (PNG copy)>]
[18 <./figures/mode1_U.png (PNG copy)> <./figures/mode2_U.png (PNG copy)> <./fi
gures/mode3_U.png (PNG copy)> <./figures/mesh_high.png (PNG copy)> <./figures/m
esh_high_zoom.png (PNG copy)> <./figures/U_high_tmid.png (PNG copy)> <./figures
/vort_high_tmid.png (PNG copy)> <./figures/U_high_fom_tmid.png (PNG copy)> <./f
igures/U_high_rom_tmid.png (PNG copy)>] (build/report.aux) )</usr/local/texlive
/2025/texmf-dist/fonts/type1/public/amsfonts/cm/cmbx10.pfb></usr/local/texlive/
2025/texmf-dist/fonts/type1/public/amsfonts/cm/cmbx12.pfb></usr/local/texlive/2
025/texmf-dist/fonts/type1/public/amsfonts/cm/cmmi10.pfb></usr/local/texlive/20
25/texmf-dist/fonts/type1/public/amsfonts/cm/cmmi8.pfb></usr/local/texlive/2025
/texmf-dist/fonts/type1/public/amsfonts/cm/cmr10.pfb></usr/local/texlive/2025/t
exmf-dist/fonts/type1/public/amsfonts/cm/cmr12.pfb></usr/local/texlive/2025/tex
mf-dist/fonts/type1/public/amsfonts/cm/cmr17.pfb></usr/local/texlive/2025/texmf
-dist/fonts/type1/public/amsfonts/cm/cmr8.pfb></usr/local/texlive/2025/texmf-di
st/fonts/type1/public/amsfonts/cm/cmsy10.pfb></usr/local/texlive/2025/texmf-dis
t/fonts/type1/public/amsfonts/cm/cmsy8.pfb></usr/local/texlive/2025/texmf-dist/
fonts/type1/public/amsfonts/cm/cmti10.pfb></usr/local/texlive/2025/texmf-dist/f
onts/type1/public/amsfonts/cm/cmtt10.pfb></usr/local/texlive/2025/texmf-dist/fo
nts/type1/public/cm-super/sfrm1095.pfb>
Output written on build/report.pdf (18 pages, 3199974 bytes).
Transcript written on build/report.log.
This is BibTeX, Version 0.99d (TeX Live 2025)
The top-level auxiliary file: build/report.aux
The style file: plain.bst
Database file #1: report.bib
This is pdfTeX, Version 3.141592653-2.6-1.40.28 (TeX Live 2025) (preloaded format=pdflatex)
 restricted \write18 enabled.
entering extended mode
(./report.tex
LaTeX2e <2025-06-01> patch level 1
L3 programming layer <2025-08-13>
(/usr/local/texlive/2025/texmf-dist/tex/latex/base/article.cls
Document Class: article 2025/01/22 v1.4n Standard LaTeX document class
(/usr/local/texlive/2025/texmf-dist/tex/latex/base/size11.clo))
(/usr/local/texlive/2025/texmf-dist/tex/latex/geometry/geometry.sty
(/usr/local/texlive/2025/texmf-dist/tex/latex/graphics/keyval.sty)
(/usr/local/texlive/2025/texmf-dist/tex/generic/iftex/ifvtex.sty
(/usr/local/texlive/2025/texmf-dist/tex/generic/iftex/iftex.sty)))
(/usr/local/texlive/2025/texmf-dist/tex/latex/graphics/graphicx.sty
(/usr/local/texlive/2025/texmf-dist/tex/latex/graphics/graphics.sty
(/usr/local/texlive/2025/texmf-dist/tex/latex/graphics/trig.sty)
(/usr/local/texlive/2025/texmf-dist/tex/latex/graphics-cfg/graphics.cfg)
(/usr/local/texlive/2025/texmf-dist/tex/latex/graphics-def/pdftex.def)))
(/usr/local/texlive/2025/texmf-dist/tex/latex/booktabs/booktabs.sty)
(/usr/local/texlive/2025/texmf-dist/tex/latex/hyperref/hyperref.sty
(/usr/local/texlive/2025/texmf-dist/tex/latex/kvsetkeys/kvsetkeys.sty)
(/usr/local/texlive/2025/texmf-dist/tex/generic/kvdefinekeys/kvdefinekeys.sty)
(/usr/local/texlive/2025/texmf-dist/tex/generic/pdfescape/pdfescape.sty
(/usr/local/texlive/2025/texmf-dist/tex/generic/ltxcmds/ltxcmds.sty)
(/usr/local/texlive/2025/texmf-dist/tex/generic/pdftexcmds/pdftexcmds.sty
(/usr/local/texlive/2025/texmf-dist/tex/generic/infwarerr/infwarerr.sty)))
(/usr/local/texlive/2025/texmf-dist/tex/latex/hycolor/hycolor.sty)
(/usr/local/texlive/2025/texmf-dist/tex/latex/hyperref/nameref.sty
(/usr/local/texlive/2025/texmf-dist/tex/latex/refcount/refcount.sty)
(/usr/local/texlive/2025/texmf-dist/tex/generic/gettitlestring/gettitlestring.s
ty (/usr/local/texlive/2025/texmf-dist/tex/latex/kvoptions/kvoptions.sty)))
(/usr/local/texlive/2025/texmf-dist/tex/latex/etoolbox/etoolbox.sty)
(/usr/local/texlive/2025/texmf-dist/tex/generic/stringenc/stringenc.sty)
(/usr/local/texlive/2025/texmf-dist/tex/latex/hyperref/pd1enc.def)
(/usr/local/texlive/2025/texmf-dist/tex/generic/intcalc/intcalc.sty)
(/usr/local/texlive/2025/texmf-dist/tex/latex/hyperref/puenc.def)
(/usr/local/texlive/2025/texmf-dist/tex/latex/url/url.sty)
(/usr/local/texlive/2025/texmf-dist/tex/generic/bitset/bitset.sty
(/usr/local/texlive/2025/texmf-dist/tex/generic/bigintcalc/bigintcalc.sty)))
(/usr/local/texlive/2025/texmf-dist/tex/latex/hyperref/hpdftex.def
(/usr/local/texlive/2025/texmf-dist/tex/latex/rerunfilecheck/rerunfilecheck.sty

(/usr/local/texlive/2025/texmf-dist/tex/generic/uniquecounter/uniquecounter.sty
))) (/usr/local/texlive/2025/texmf-dist/tex/latex/amsmath/amsmath.sty
For additional information on amsmath, use the `?' option.
(/usr/local/texlive/2025/texmf-dist/tex/latex/amsmath/amstext.sty
(/usr/local/texlive/2025/texmf-dist/tex/latex/amsmath/amsgen.sty))
(/usr/local/texlive/2025/texmf-dist/tex/latex/amsmath/amsbsy.sty)
(/usr/local/texlive/2025/texmf-dist/tex/latex/amsmath/amsopn.sty))
(/usr/local/texlive/2025/texmf-dist/tex/latex/siunitx/siunitx.sty
(/usr/local/texlive/2025/texmf-dist/tex/latex/translations/translations.sty)
(/usr/local/texlive/2025/texmf-dist/tex/latex/tools/array.sty))
(/usr/local/texlive/2025/texmf-dist/tex/latex/underscore/underscore.sty)
==> First Aid for underscore.sty applied!
(/usr/local/texlive/2025/texmf-dist/tex/latex/firstaid/underscore-ltx.sty)
(/usr/local/texlive/2025/texmf-dist/tex/latex/caption/subcaption.sty
(/usr/local/texlive/2025/texmf-dist/tex/latex/caption/caption.sty
(/usr/local/texlive/2025/texmf-dist/tex/latex/caption/caption3.sty)))
(/usr/local/texlive/2025/texmf-dist/tex/latex/graphics/color.sty
(/usr/local/texlive/2025/texmf-dist/tex/latex/graphics-cfg/color.cfg)
(/usr/local/texlive/2025/texmf-dist/tex/latex/graphics/mathcolor.ltx))
(/usr/local/texlive/2025/texmf-dist/tex/latex/l3backend/l3backend-pdftex.def)
(build/report.aux)
*geometry* driver: auto-detecting
*geometry* detected driver: pdftex
(/usr/local/texlive/2025/texmf-dist/tex/context/base/mkii/supp-pdf.mkii
[Loading MPS to PDF converter (version 2006.09.02).]
) (/usr/local/texlive/2025/texmf-dist/tex/latex/epstopdf-pkg/epstopdf-base.sty
(/usr/local/texlive/2025/texmf-dist/tex/latex/latexconfig/epstopdf-sys.cfg))
(build/report.out) (build/report.out)
(/usr/local/texlive/2025/texmf-dist/tex/latex/translations/translations-basic-d
ictionary-english.trsl)
[1{/usr/local/texlive/2025/texmf-var/fonts/map/pdftex/updmap/pdftex.map}]
(./tables/case_setup.tex) (./tables/case_settings.tex)
(./tables/rom_settings.tex) (./tables/pod_energy.tex) (./tables/force_stats.tex
) (./tables/summary_low.tex
[2])
[3{/usr/local/texlive/2025/texmf-dist/fonts/enc/dvips/cm-super/cm-super-ts1.enc
}] (./tables/summary_high.tex)
[4 <./figures/low_svd_U.png>]
[5 <./figures/low_svd_p.png>]
[6 <./figures/low_energy_U.png>] (build/report.bbl
[7 <./figures/low_energy_p.png>])
[8 <./figures/low_err_rom_only.png>]
[9 <./figures/low_timeline.png> <./figures/low_err_validate.png>]
[10 <./figures/low_speed.png> <./figures/low_forces.png>]
[11 <./figures/low_coeffs.png> <./figures/low_cl_fft.png>]
[12 <./figures/high_svd_U.png> <./figures/high_svd_p.png>]
[13 <./figures/high_energy_U.png> <./figures/high_energy_p.png>]
[14 <./figures/high_timeline.png> <./figures/high_err_validate.png>]
[15 <./figures/high_speed.png> <./figures/high_forces.png>]
[16 <./figures/high_coeffs.png> <./figures/high_cl_fft.png>]
[17 <./figures/mesh_low.png (PNG copy)> <./figures/mesh_low_zoom.png (PNG copy)
> <./figures/U_low_t0.png (PNG copy)> <./figures/U_low_tmid.png (PNG copy)> <./
figures/U_low_tend.png (PNG copy)> <./figures/p_low_tmid.png (PNG copy)> <./fig
ures/vort_low_tmid.png (PNG copy)> <./figures/U_rom_tmid.png (PNG copy)>]
[18 <./figures/mode1_U.png (PNG copy)> <./figures/mode2_U.png (PNG copy)> <./fi
gures/mode3_U.png (PNG copy)> <./figures/mesh_high.png (PNG copy)> <./figures/m
esh_high_zoom.png (PNG copy)> <./figures/U_high_tmid.png (PNG copy)> <./figures
/vort_high_tmid.png (PNG copy)> <./figures/U_high_fom_tmid.png (PNG copy)> <./f
igures/U_high_rom_tmid.png (PNG copy)>] (build/report.aux) )</usr/local/texlive
/2025/texmf-dist/fonts/type1/public/amsfonts/cm/cmbx10.pfb></usr/local/texlive/
2025/texmf-dist/fonts/type1/public/amsfonts/cm/cmbx12.pfb></usr/local/texlive/2
025/texmf-dist/fonts/type1/public/amsfonts/cm/cmmi10.pfb></usr/local/texlive/20
25/texmf-dist/fonts/type1/public/amsfonts/cm/cmmi8.pfb></usr/local/texlive/2025
/texmf-dist/fonts/type1/public/amsfonts/cm/cmr10.pfb></usr/local/texlive/2025/t
exmf-dist/fonts/type1/public/amsfonts/cm/cmr12.pfb></usr/local/texlive/2025/tex
mf-dist/fonts/type1/public/amsfonts/cm/cmr17.pfb></usr/local/texlive/2025/texmf
-dist/fonts/type1/public/amsfonts/cm/cmr8.pfb></usr/local/texlive/2025/texmf-di
st/fonts/type1/public/amsfonts/cm/cmsy10.pfb></usr/local/texlive/2025/texmf-dis
t/fonts/type1/public/amsfonts/cm/cmsy8.pfb></usr/local/texlive/2025/texmf-dist/
fonts/type1/public/amsfonts/cm/cmti10.pfb></usr/local/texlive/2025/texmf-dist/f
onts/type1/public/amsfonts/cm/cmtt10.pfb></usr/local/texlive/2025/texmf-dist/fo
nts/type1/public/cm-super/sfrm1095.pfb>
Output written on build/report.pdf (18 pages, 3199974 bytes).
Transcript written on build/report.log.
This is pdfTeX, Version 3.141592653-2.6-1.40.28 (TeX Live 2025) (preloaded format=pdflatex)
 restricted \write18 enabled.
entering extended mode
(./report.tex
LaTeX2e <2025-06-01> patch level 1
L3 programming layer <2025-08-13>
(/usr/local/texlive/2025/texmf-dist/tex/latex/base/article.cls
Document Class: article 2025/01/22 v1.4n Standard LaTeX document class
(/usr/local/texlive/2025/texmf-dist/tex/latex/base/size11.clo))
(/usr/local/texlive/2025/texmf-dist/tex/latex/geometry/geometry.sty
(/usr/local/texlive/2025/texmf-dist/tex/latex/graphics/keyval.sty)
(/usr/local/texlive/2025/texmf-dist/tex/generic/iftex/ifvtex.sty
(/usr/local/texlive/2025/texmf-dist/tex/generic/iftex/iftex.sty)))
(/usr/local/texlive/2025/texmf-dist/tex/latex/graphics/graphicx.sty
(/usr/local/texlive/2025/texmf-dist/tex/latex/graphics/graphics.sty
(/usr/local/texlive/2025/texmf-dist/tex/latex/graphics/trig.sty)
(/usr/local/texlive/2025/texmf-dist/tex/latex/graphics-cfg/graphics.cfg)
(/usr/local/texlive/2025/texmf-dist/tex/latex/graphics-def/pdftex.def)))
(/usr/local/texlive/2025/texmf-dist/tex/latex/booktabs/booktabs.sty)
(/usr/local/texlive/2025/texmf-dist/tex/latex/hyperref/hyperref.sty
(/usr/local/texlive/2025/texmf-dist/tex/latex/kvsetkeys/kvsetkeys.sty)
(/usr/local/texlive/2025/texmf-dist/tex/generic/kvdefinekeys/kvdefinekeys.sty)
(/usr/local/texlive/2025/texmf-dist/tex/generic/pdfescape/pdfescape.sty
(/usr/local/texlive/2025/texmf-dist/tex/generic/ltxcmds/ltxcmds.sty)
(/usr/local/texlive/2025/texmf-dist/tex/generic/pdftexcmds/pdftexcmds.sty
(/usr/local/texlive/2025/texmf-dist/tex/generic/infwarerr/infwarerr.sty)))
(/usr/local/texlive/2025/texmf-dist/tex/latex/hycolor/hycolor.sty)
(/usr/local/texlive/2025/texmf-dist/tex/latex/hyperref/nameref.sty
(/usr/local/texlive/2025/texmf-dist/tex/latex/refcount/refcount.sty)
(/usr/local/texlive/2025/texmf-dist/tex/generic/gettitlestring/gettitlestring.s
ty (/usr/local/texlive/2025/texmf-dist/tex/latex/kvoptions/kvoptions.sty)))
(/usr/local/texlive/2025/texmf-dist/tex/latex/etoolbox/etoolbox.sty)
(/usr/local/texlive/2025/texmf-dist/tex/generic/stringenc/stringenc.sty)
(/usr/local/texlive/2025/texmf-dist/tex/latex/hyperref/pd1enc.def)
(/usr/local/texlive/2025/texmf-dist/tex/generic/intcalc/intcalc.sty)
(/usr/local/texlive/2025/texmf-dist/tex/latex/hyperref/puenc.def)
(/usr/local/texlive/2025/texmf-dist/tex/latex/url/url.sty)
(/usr/local/texlive/2025/texmf-dist/tex/generic/bitset/bitset.sty
(/usr/local/texlive/2025/texmf-dist/tex/generic/bigintcalc/bigintcalc.sty)))
(/usr/local/texlive/2025/texmf-dist/tex/latex/hyperref/hpdftex.def
(/usr/local/texlive/2025/texmf-dist/tex/latex/rerunfilecheck/rerunfilecheck.sty

(/usr/local/texlive/2025/texmf-dist/tex/generic/uniquecounter/uniquecounter.sty
))) (/usr/local/texlive/2025/texmf-dist/tex/latex/amsmath/amsmath.sty
For additional information on amsmath, use the `?' option.
(/usr/local/texlive/2025/texmf-dist/tex/latex/amsmath/amstext.sty
(/usr/local/texlive/2025/texmf-dist/tex/latex/amsmath/amsgen.sty))
(/usr/local/texlive/2025/texmf-dist/tex/latex/amsmath/amsbsy.sty)
(/usr/local/texlive/2025/texmf-dist/tex/latex/amsmath/amsopn.sty))
(/usr/local/texlive/2025/texmf-dist/tex/latex/siunitx/siunitx.sty
(/usr/local/texlive/2025/texmf-dist/tex/latex/translations/translations.sty)
(/usr/local/texlive/2025/texmf-dist/tex/latex/tools/array.sty))
(/usr/local/texlive/2025/texmf-dist/tex/latex/underscore/underscore.sty)
==> First Aid for underscore.sty applied!
(/usr/local/texlive/2025/texmf-dist/tex/latex/firstaid/underscore-ltx.sty)
(/usr/local/texlive/2025/texmf-dist/tex/latex/caption/subcaption.sty
(/usr/local/texlive/2025/texmf-dist/tex/latex/caption/caption.sty
(/usr/local/texlive/2025/texmf-dist/tex/latex/caption/caption3.sty)))
(/usr/local/texlive/2025/texmf-dist/tex/latex/graphics/color.sty
(/usr/local/texlive/2025/texmf-dist/tex/latex/graphics-cfg/color.cfg)
(/usr/local/texlive/2025/texmf-dist/tex/latex/graphics/mathcolor.ltx))
(/usr/local/texlive/2025/texmf-dist/tex/latex/l3backend/l3backend-pdftex.def)
(build/report.aux)
*geometry* driver: auto-detecting
*geometry* detected driver: pdftex
(/usr/local/texlive/2025/texmf-dist/tex/context/base/mkii/supp-pdf.mkii
[Loading MPS to PDF converter (version 2006.09.02).]
) (/usr/local/texlive/2025/texmf-dist/tex/latex/epstopdf-pkg/epstopdf-base.sty
(/usr/local/texlive/2025/texmf-dist/tex/latex/latexconfig/epstopdf-sys.cfg))
(build/report.out) (build/report.out)
(/usr/local/texlive/2025/texmf-dist/tex/latex/translations/translations-basic-d
ictionary-english.trsl)
[1{/usr/local/texlive/2025/texmf-var/fonts/map/pdftex/updmap/pdftex.map}]
(./tables/case_setup.tex) (./tables/case_settings.tex)
(./tables/rom_settings.tex) (./tables/pod_energy.tex) (./tables/force_stats.tex
) (./tables/summary_low.tex
[2])
[3{/usr/local/texlive/2025/texmf-dist/fonts/enc/dvips/cm-super/cm-super-ts1.enc
}] (./tables/summary_high.tex)
[4 <./figures/low_svd_U.png>]
[5 <./figures/low_svd_p.png>]
[6 <./figures/low_energy_U.png>] (build/report.bbl
[7 <./figures/low_energy_p.png>])
[8 <./figures/low_err_rom_only.png>]
[9 <./figures/low_timeline.png> <./figures/low_err_validate.png>]
[10 <./figures/low_speed.png> <./figures/low_forces.png>]
[11 <./figures/low_coeffs.png> <./figures/low_cl_fft.png>]
[12 <./figures/high_svd_U.png> <./figures/high_svd_p.png>]
[13 <./figures/high_energy_U.png> <./figures/high_energy_p.png>]
[14 <./figures/high_timeline.png> <./figures/high_err_validate.png>]
[15 <./figures/high_speed.png> <./figures/high_forces.png>]
[16 <./figures/high_coeffs.png> <./figures/high_cl_fft.png>]
[17 <./figures/mesh_low.png (PNG copy)> <./figures/mesh_low_zoom.png (PNG copy)
> <./figures/U_low_t0.png (PNG copy)> <./figures/U_low_tmid.png (PNG copy)> <./
figures/U_low_tend.png (PNG copy)> <./figures/p_low_tmid.png (PNG copy)> <./fig
ures/vort_low_tmid.png (PNG copy)> <./figures/U_rom_tmid.png (PNG copy)>]
[18 <./figures/mode1_U.png (PNG copy)> <./figures/mode2_U.png (PNG copy)> <./fi
gures/mode3_U.png (PNG copy)> <./figures/mesh_high.png (PNG copy)> <./figures/m
esh_high_zoom.png (PNG copy)> <./figures/U_high_tmid.png (PNG copy)> <./figures
/vort_high_tmid.png (PNG copy)> <./figures/U_high_fom_tmid.png (PNG copy)> <./f
igures/U_high_rom_tmid.png (PNG copy)>] (build/report.aux) )</usr/local/texlive
/2025/texmf-dist/fonts/type1/public/amsfonts/cm/cmbx10.pfb></usr/local/texlive/
2025/texmf-dist/fonts/type1/public/amsfonts/cm/cmbx12.pfb></usr/local/texlive/2
025/texmf-dist/fonts/type1/public/amsfonts/cm/cmmi10.pfb></usr/local/texlive/20
25/texmf-dist/fonts/type1/public/amsfonts/cm/cmmi8.pfb></usr/local/texlive/2025
/texmf-dist/fonts/type1/public/amsfonts/cm/cmr10.pfb></usr/local/texlive/2025/t
exmf-dist/fonts/type1/public/amsfonts/cm/cmr12.pfb></usr/local/texlive/2025/tex
mf-dist/fonts/type1/public/amsfonts/cm/cmr17.pfb></usr/local/texlive/2025/texmf
-dist/fonts/type1/public/amsfonts/cm/cmr8.pfb></usr/local/texlive/2025/texmf-di
st/fonts/type1/public/amsfonts/cm/cmsy10.pfb></usr/local/texlive/2025/texmf-dis
t/fonts/type1/public/amsfonts/cm/cmsy8.pfb></usr/local/texlive/2025/texmf-dist/
fonts/type1/public/amsfonts/cm/cmti10.pfb></usr/local/texlive/2025/texmf-dist/f
onts/type1/public/amsfonts/cm/cmtt10.pfb></usr/local/texlive/2025/texmf-dist/fo
nts/type1/public/cm-super/sfrm1095.pfb>
Output written on build/report.pdf (18 pages, 3199974 bytes).
Transcript written on build/report.log.
[01:59:34] Report PDF: /home/kalel1938/Documents/codex_projects/adaptive_model_reduction/report/build/report.pdf
[01:59:34] Done. Log saved to: /home/kalel1938/Documents/codex_projects/adaptive_model_reduction/results/logs/07_make_report_20251220_015538.log
