[09:12:16] Activated venv: /home/kalel1938/venvs/myenv/bin/activate
[09:12:17] Sourced OpenFOAM: /opt/openfoam13/etc/bashrc
[09:12:17] Post-processing force coefficients over FOM-only fields (low)...
[postprocess_force_coeffs] Wrote: /home/kalel1938/Documents/codex_projects/adaptive_model_reduction/results/low/fom_only/fom_only_case/postProcessing/forceCoeffsIncompressible/0/forceCoeffs.dat
[postprocess_force_coeffs] Meta: /home/kalel1938/Documents/codex_projects/adaptive_model_reduction/results/low/metrics/forceCoeffsIncompressible_fom_only_meta.json
[09:12:33] Post-processing force coefficients over ROM-reconstructed fields (low)...
[09:12:33] Activated venv: /home/kalel1938/venvs/myenv/bin/activate
[09:12:33] Using config: /home/kalel1938/Documents/codex_projects/adaptive_model_reduction/rom/configs/low.yaml
[09:12:33] Post-processing force coefficients over reconstructed ROM fields (adaptive case)...
[postprocess_force_coeffs] Wrote: /home/kalel1938/Documents/codex_projects/adaptive_model_reduction/results/low/adaptive/adaptive_case/postProcessing/forceCoeffsIncompressible/0/forceCoeffs.dat
[postprocess_force_coeffs] Meta: /home/kalel1938/Documents/codex_projects/adaptive_model_reduction/results/low/metrics/forceCoeffsIncompressible_adaptive_meta.json
[09:14:23] Done. Log saved to: /home/kalel1938/Documents/codex_projects/adaptive_model_reduction/results/logs/10_postprocess_coeffs_low_20251222_091233.log
[09:14:23] Post-processing force coefficients over ROM-reconstructed fields (high)...
[09:14:23] Activated venv: /home/kalel1938/venvs/myenv/bin/activate
[09:14:23] Using config: /home/kalel1938/Documents/codex_projects/adaptive_model_reduction/rom/configs/high.yaml
[09:14:23] Post-processing force coefficients over reconstructed ROM fields (adaptive case)...
[postprocess_force_coeffs] Wrote: /home/kalel1938/Documents/codex_projects/adaptive_model_reduction/results/high/adaptive/adaptive_case/postProcessing/forceCoeffsIncompressible/0/forceCoeffs.dat
[postprocess_force_coeffs] Meta: /home/kalel1938/Documents/codex_projects/adaptive_model_reduction/results/high/metrics/forceCoeffsIncompressible_adaptive_meta.json
[09:16:21] Done. Log saved to: /home/kalel1938/Documents/codex_projects/adaptive_model_reduction/results/logs/11_postprocess_coeffs_high_20251222_091423.log
[09:16:21] Post-processing force coefficients over FOM-only fields (high)...
[postprocess_force_coeffs] Wrote: /home/kalel1938/Documents/codex_projects/adaptive_model_reduction/results/high/fom_only/fom_only_case/postProcessing/forceCoeffsIncompressible/0/forceCoeffs.dat
[postprocess_force_coeffs] Meta: /home/kalel1938/Documents/codex_projects/adaptive_model_reduction/results/high/metrics/forceCoeffsIncompressible_fom_only_meta.json
[09:16:22] Running forceCoeffs configuration verification (low/high)...
[verify_forcecoeffs_config] case=low case_dir=/home/kalel1938/Documents/codex_projects/adaptive_model_reduction/cases/low
[verify_forcecoeffs_config] cylinder_patch=cylinder is_2d=True inlet_magU=1.0
[verify_forcecoeffs_config] blockage_beta=D/H=0.5
[verify_forcecoeffs_config] system/controlDict:functions:forceCoeffs1: patches=['cylinder'] magUInf=1.0 lRef=2.0 Aref=2.0 dragDir=(1.0, 0.0, 0.0) liftDir=(0.0, 1.0, 0.0) rho=rhoInf rhoInf=1.0
[verify_forcecoeffs_config] Wrote: /home/kalel1938/Documents/codex_projects/adaptive_model_reduction/results/forcecoeffs_config_low.json
[verify_forcecoeffs_config] case=high case_dir=/home/kalel1938/Documents/codex_projects/adaptive_model_reduction/cases/high
[verify_forcecoeffs_config] cylinder_patch=cylinder is_2d=True inlet_magU=1.0
[verify_forcecoeffs_config] blockage_beta=D/H=0.5
[verify_forcecoeffs_config] system/controlDict:functions:forceCoeffs1: patches=['cylinder'] magUInf=1.0 lRef=2.0 Aref=2.0 dragDir=(1.0, 0.0, 0.0) liftDir=(0.0, 1.0, 0.0) rho=rhoInf rhoInf=1.0
[verify_forcecoeffs_config] Wrote: /home/kalel1938/Documents/codex_projects/adaptive_model_reduction/results/forcecoeffs_config_high.json
[09:16:22] Computing force statistics tables (low/high)...
[compute_force_stats] unconfined Re=200 reference: Cd≈1.316, St≈0.1958 (sanity anchor)
[compute_force_stats] Wrote: /home/kalel1938/Documents/codex_projects/adaptive_model_reduction/results/low/force_stats.csv
[compute_force_stats] Wrote: /home/kalel1938/Documents/codex_projects/adaptive_model_reduction/results/force_stats_low.csv
[compute_force_stats] Wrote: /home/kalel1938/Documents/codex_projects/adaptive_model_reduction/report/tables/force_stats_checks_low.tex
[compute_force_stats] NOTE: Large deviation is expected under strong confinement, but only after configuration checks pass.
[compute_force_stats] Wrote: /home/kalel1938/Documents/codex_projects/adaptive_model_reduction/results/high/force_stats.csv
[compute_force_stats] Wrote: /home/kalel1938/Documents/codex_projects/adaptive_model_reduction/results/force_stats_high.csv
[compute_force_stats] Wrote: /home/kalel1938/Documents/codex_projects/adaptive_model_reduction/report/tables/force_stats_checks_high.tex
[compute_force_stats] NOTE: Large deviation is expected under strong confinement, but only after configuration checks pass.
[09:16:23] Rendering low/high flow snapshots used by Figures 23/24/29 (no pvpython)...
[render_snapshots_shared] time=0 -> /home/kalel1938/Documents/codex_projects/adaptive_model_reduction/report/figures/U_low_t0.png
[render_snapshots_shared] time=0.5 -> /home/kalel1938/Documents/codex_projects/adaptive_model_reduction/report/figures/U_low_tmid.png
[render_snapshots_shared] time=1 -> /home/kalel1938/Documents/codex_projects/adaptive_model_reduction/report/figures/U_low_tend.png
[render_snapshots_shared] time=0.5 -> /home/kalel1938/Documents/codex_projects/adaptive_model_reduction/report/figures/p_low_tmid.png
[render_snapshots_shared] time=0.5 -> /home/kalel1938/Documents/codex_projects/adaptive_model_reduction/report/figures/low_vort_mid.png
[render_snapshots_shared] time=0.5 -> /home/kalel1938/Documents/codex_projects/adaptive_model_reduction/report/figures/U_high_tmid.png
[render_snapshots_shared] time=0.5 -> /home/kalel1938/Documents/codex_projects/adaptive_model_reduction/report/figures/high_vort_mid.png
[09:16:29] Rendering vorticity comparison (low: FOM vs ROM, no pvpython)...
[render_vorticity_comparison] Wrote: /home/kalel1938/Documents/codex_projects/adaptive_model_reduction/report/figures/fom_vs_rom_vortZ_mid_low.png
[09:16:31] Rendering velocity-magnitude comparisons (no pvpython)...
[render_umag_comparison] Wrote: /home/kalel1938/Documents/codex_projects/adaptive_model_reduction/report/figures/fom_vs_rom_Umag_mid_low_clean.png
[render_umag_comparison] Wrote: /home/kalel1938/Documents/codex_projects/adaptive_model_reduction/report/figures/fom_vs_rom_Umag_mid_high_clean.png
[09:16:34] Generating tables/figures from results...
[report_assets] Wrote tables to: /home/kalel1938/Documents/codex_projects/adaptive_model_reduction/report/tables
[report_assets] Wrote/copied figures to: /home/kalel1938/Documents/codex_projects/adaptive_model_reduction/report/figures
[09:16:38] Generating BibTeX from references PDFs...
[references_bib] Wrote: /home/kalel1938/Documents/codex_projects/adaptive_model_reduction/report/report.bib (10 entries)
[09:16:38] Exporting first 3 POD velocity modes to an OpenFOAM case (low)...
[export_pod_modes] Wrote modes case: /home/kalel1938/Documents/codex_projects/adaptive_model_reduction/results/low/modes_case
[09:16:39] Rendering POD mode snapshots used by Figure 27 (no pvpython)...
[render_snapshots_shared] time=1001 -> /home/kalel1938/Documents/codex_projects/adaptive_model_reduction/report/figures/mode1_U.png
[render_snapshots_shared] time=1002 -> /home/kalel1938/Documents/codex_projects/adaptive_model_reduction/report/figures/mode2_U.png
[render_snapshots_shared] time=1003 -> /home/kalel1938/Documents/codex_projects/adaptive_model_reduction/report/figures/mode3_U.png
[09:16:41] Attempting ParaView screenshots (pvpython; offscreen when possible)...
[pv_screenshots] Wrote screenshots to: /home/kalel1938/Documents/codex_projects/adaptive_model_reduction/report/figures
[09:16:52] Building combined FOM/ROM comparison figure...
[09:16:54] Building combined FOM/ROM vorticity comparison figure (low)...
[09:16:56] Auto-cropping ParaView screenshots (reduce whitespace)...
[09:17:05] Compiling LaTeX report...
This is pdfTeX, Version 3.141592653-2.6-1.40.28 (TeX Live 2025) (preloaded format=pdflatex)
 restricted \write18 enabled.
entering extended mode
(./report.tex
LaTeX2e <2025-06-01> patch level 1
L3 programming layer <2025-08-13>
(/usr/local/texlive/2025/texmf-dist/tex/latex/base/article.cls
Document Class: article 2025/01/22 v1.4n Standard LaTeX document class
(/usr/local/texlive/2025/texmf-dist/tex/latex/base/size11.clo))
(/usr/local/texlive/2025/texmf-dist/tex/latex/geometry/geometry.sty
(/usr/local/texlive/2025/texmf-dist/tex/latex/graphics/keyval.sty)
(/usr/local/texlive/2025/texmf-dist/tex/generic/iftex/ifvtex.sty
(/usr/local/texlive/2025/texmf-dist/tex/generic/iftex/iftex.sty)))
(/usr/local/texlive/2025/texmf-dist/tex/latex/graphics/graphicx.sty
(/usr/local/texlive/2025/texmf-dist/tex/latex/graphics/graphics.sty
(/usr/local/texlive/2025/texmf-dist/tex/latex/graphics/trig.sty)
(/usr/local/texlive/2025/texmf-dist/tex/latex/graphics-cfg/graphics.cfg)
(/usr/local/texlive/2025/texmf-dist/tex/latex/graphics-def/pdftex.def)))
(/usr/local/texlive/2025/texmf-dist/tex/latex/booktabs/booktabs.sty)
(/usr/local/texlive/2025/texmf-dist/tex/latex/hyperref/hyperref.sty
(/usr/local/texlive/2025/texmf-dist/tex/latex/kvsetkeys/kvsetkeys.sty)
(/usr/local/texlive/2025/texmf-dist/tex/generic/kvdefinekeys/kvdefinekeys.sty)
(/usr/local/texlive/2025/texmf-dist/tex/generic/pdfescape/pdfescape.sty
(/usr/local/texlive/2025/texmf-dist/tex/generic/ltxcmds/ltxcmds.sty)
(/usr/local/texlive/2025/texmf-dist/tex/generic/pdftexcmds/pdftexcmds.sty
(/usr/local/texlive/2025/texmf-dist/tex/generic/infwarerr/infwarerr.sty)))
(/usr/local/texlive/2025/texmf-dist/tex/latex/hycolor/hycolor.sty)
(/usr/local/texlive/2025/texmf-dist/tex/latex/hyperref/nameref.sty
(/usr/local/texlive/2025/texmf-dist/tex/latex/refcount/refcount.sty)
(/usr/local/texlive/2025/texmf-dist/tex/generic/gettitlestring/gettitlestring.s
ty (/usr/local/texlive/2025/texmf-dist/tex/latex/kvoptions/kvoptions.sty)))
(/usr/local/texlive/2025/texmf-dist/tex/latex/etoolbox/etoolbox.sty)
(/usr/local/texlive/2025/texmf-dist/tex/generic/stringenc/stringenc.sty)
(/usr/local/texlive/2025/texmf-dist/tex/latex/hyperref/pd1enc.def)
(/usr/local/texlive/2025/texmf-dist/tex/generic/intcalc/intcalc.sty)
(/usr/local/texlive/2025/texmf-dist/tex/latex/hyperref/puenc.def)
(/usr/local/texlive/2025/texmf-dist/tex/latex/url/url.sty)
(/usr/local/texlive/2025/texmf-dist/tex/generic/bitset/bitset.sty
(/usr/local/texlive/2025/texmf-dist/tex/generic/bigintcalc/bigintcalc.sty)))
(/usr/local/texlive/2025/texmf-dist/tex/latex/hyperref/hpdftex.def
(/usr/local/texlive/2025/texmf-dist/tex/latex/rerunfilecheck/rerunfilecheck.sty

(/usr/local/texlive/2025/texmf-dist/tex/generic/uniquecounter/uniquecounter.sty
))) (/usr/local/texlive/2025/texmf-dist/tex/latex/amsmath/amsmath.sty
For additional information on amsmath, use the `?' option.
(/usr/local/texlive/2025/texmf-dist/tex/latex/amsmath/amstext.sty
(/usr/local/texlive/2025/texmf-dist/tex/latex/amsmath/amsgen.sty))
(/usr/local/texlive/2025/texmf-dist/tex/latex/amsmath/amsbsy.sty)
(/usr/local/texlive/2025/texmf-dist/tex/latex/amsmath/amsopn.sty))
(/usr/local/texlive/2025/texmf-dist/tex/latex/siunitx/siunitx.sty
(/usr/local/texlive/2025/texmf-dist/tex/latex/translations/translations.sty)
(/usr/local/texlive/2025/texmf-dist/tex/latex/tools/array.sty))
(/usr/local/texlive/2025/texmf-dist/tex/latex/underscore/underscore.sty)
==> First Aid for underscore.sty applied!
(/usr/local/texlive/2025/texmf-dist/tex/latex/firstaid/underscore-ltx.sty)
(/usr/local/texlive/2025/texmf-dist/tex/latex/caption/subcaption.sty
(/usr/local/texlive/2025/texmf-dist/tex/latex/caption/caption.sty
(/usr/local/texlive/2025/texmf-dist/tex/latex/caption/caption3.sty)))
(/usr/local/texlive/2025/texmf-dist/tex/latex/tools/verbatim.sty)
(/usr/local/texlive/2025/texmf-dist/tex/latex/graphics/color.sty
(/usr/local/texlive/2025/texmf-dist/tex/latex/graphics-cfg/color.cfg)
(/usr/local/texlive/2025/texmf-dist/tex/latex/graphics/mathcolor.ltx))
(/usr/local/texlive/2025/texmf-dist/tex/latex/l3backend/l3backend-pdftex.def)
(build/report.aux)
*geometry* driver: auto-detecting
*geometry* detected driver: pdftex
(/usr/local/texlive/2025/texmf-dist/tex/context/base/mkii/supp-pdf.mkii
[Loading MPS to PDF converter (version 2006.09.02).]
) (/usr/local/texlive/2025/texmf-dist/tex/latex/epstopdf-pkg/epstopdf-base.sty
(/usr/local/texlive/2025/texmf-dist/tex/latex/latexconfig/epstopdf-sys.cfg))
(build/report.out) (build/report.out)
(/usr/local/texlive/2025/texmf-dist/tex/latex/translations/translations-basic-d
ictionary-english.trsl)
[1{/usr/local/texlive/2025/texmf-var/fonts/map/pdftex/updmap/pdftex.map}]
(./tables/case_setup.tex) (./tables/case_settings.tex)
(./tables/rom_settings.tex) (./tables/pod_energy.tex) (./tables/force_stats.tex
)
Overfull \hbox (36.64977pt too wide) in paragraph at lines 102--103
\OT1/cmr/m/n/10.95 The fol-low-ing checks are gen-er-ated au-to-mat-i-cally and
 are in-tended to catch com-mon force/normalization

[2]
Overfull \hbox (75.91138pt too wide) in paragraph at lines 105--105
[]  \OT1/cmtt/m/n/10.95 "case_dir": "/home/kalel1938/Documents/codex_projects/a
daptive_model_reduction/cases/low",[] 

[3]
Overfull \hbox (133.39825pt too wide) in paragraph at lines 105--105
[]    \OT1/cmtt/m/n/10.95 "Checks enforced: forceCoeffs patches must be cylinde
r-only; Aref/lRef/magUInf must be positive.",[] 

Overfull \hbox (81.66006pt too wide) in paragraph at lines 106--106
[]  \OT1/cmtt/m/n/10.95 "case_dir": "/home/kalel1938/Documents/codex_projects/a
daptive_model_reduction/cases/high",[] 

[4]
Overfull \hbox (133.39825pt too wide) in paragraph at lines 106--106
[]    \OT1/cmtt/m/n/10.95 "Checks enforced: forceCoeffs patches must be cylinde
r-only; Aref/lRef/magUInf must be positive.",[] 
(./tables/force_stats_checks_low.tex) (./tables/force_stats_checks_high.tex)
[5] (./tables/summary_low.tex)
[6{/usr/local/texlive/2025/texmf-dist/fonts/enc/dvips/cm-super/cm-super-ts1.enc
}] (./tables/summary_high.tex)
[7 <./figures/low_svd_U.png>]
[8 <./figures/low_svd_p.png>]
[9 <./figures/low_energy_U.png>] (build/report.bbl
[10 <./figures/low_energy_p.png>]
[11 <./figures/low_err_rom_only.png>])
[12 <./figures/low_timeline.png>]
[13 <./figures/low_err_validate.png> <./figures/low_speed.png>]
[14 <./figures/low_forces.png> <./figures/low_coeffs.png>]
[15 <./figures/low_cl_fft.png> <./figures/high_svd_U.png>]
[16 <./figures/high_svd_p.png> <./figures/high_energy_U.png>]
[17 <./figures/high_energy_p.png> <./figures/high_timeline.png>]
[18 <./figures/high_err_validate.png> <./figures/high_speed.png>]
[19 <./figures/high_forces.png> <./figures/high_coeffs.png>]
[20 <./figures/high_cl_fft.png> <./figures/mesh_low.png (PNG copy)> <./figures/
mesh_low_zoom.png (PNG copy)> <./figures/U_low_t0.png (PNG copy)> <./figures/U_
low_tmid.png (PNG copy)> <./figures/U_low_tend.png (PNG copy)>]
[21 <./figures/p_low_tmid.png (PNG copy)> <./figures/low_vort_mid.png (PNG copy
)> <./figures/fom_vs_rom_Umag_mid_low_clean.png> <./figures/fom_vs_rom_vortZ_mi
d_low.png> <./figures/mode1_U.png (PNG copy)> <./figures/mode2_U.png (PNG copy)
> <./figures/mode3_U.png (PNG copy)>]
[22 <./figures/mesh_high.png (PNG copy)> <./figures/mesh_high_zoom.png (PNG cop
y)> <./figures/U_high_tmid.png (PNG copy)> <./figures/high_vort_mid.png (PNG co
py)> <./figures/fom_vs_rom_Umag_mid_high_clean.png>] (build/report.aux) )
(see the transcript file for additional information)</usr/local/texlive/2025/te
xmf-dist/fonts/type1/public/amsfonts/cm/cmbx10.pfb></usr/local/texlive/2025/tex
mf-dist/fonts/type1/public/amsfonts/cm/cmbx12.pfb></usr/local/texlive/2025/texm
f-dist/fonts/type1/public/amsfonts/cm/cmmi10.pfb></usr/local/texlive/2025/texmf
-dist/fonts/type1/public/amsfonts/cm/cmmi8.pfb></usr/local/texlive/2025/texmf-d
ist/fonts/type1/public/amsfonts/cm/cmr10.pfb></usr/local/texlive/2025/texmf-dis
t/fonts/type1/public/amsfonts/cm/cmr12.pfb></usr/local/texlive/2025/texmf-dist/
fonts/type1/public/amsfonts/cm/cmr17.pfb></usr/local/texlive/2025/texmf-dist/fo
nts/type1/public/amsfonts/cm/cmr8.pfb></usr/local/texlive/2025/texmf-dist/fonts
/type1/public/amsfonts/cm/cmr9.pfb></usr/local/texlive/2025/texmf-dist/fonts/ty
pe1/public/amsfonts/cm/cmsy10.pfb></usr/local/texlive/2025/texmf-dist/fonts/typ
e1/public/amsfonts/cm/cmsy8.pfb></usr/local/texlive/2025/texmf-dist/fonts/type1
/public/amsfonts/cm/cmti10.pfb></usr/local/texlive/2025/texmf-dist/fonts/type1/
public/amsfonts/cm/cmtt10.pfb></usr/local/texlive/2025/texmf-dist/fonts/type1/p
ublic/cm-super/sfrm1095.pfb>
Output written on build/report.pdf (22 pages, 4776271 bytes).
Transcript written on build/report.log.
This is BibTeX, Version 0.99d (TeX Live 2025)
The top-level auxiliary file: build/report.aux
The style file: plain.bst
Database file #1: report.bib
Database file #2: manual.bib
This is pdfTeX, Version 3.141592653-2.6-1.40.28 (TeX Live 2025) (preloaded format=pdflatex)
 restricted \write18 enabled.
entering extended mode
(./report.tex
LaTeX2e <2025-06-01> patch level 1
L3 programming layer <2025-08-13>
(/usr/local/texlive/2025/texmf-dist/tex/latex/base/article.cls
Document Class: article 2025/01/22 v1.4n Standard LaTeX document class
(/usr/local/texlive/2025/texmf-dist/tex/latex/base/size11.clo))
(/usr/local/texlive/2025/texmf-dist/tex/latex/geometry/geometry.sty
(/usr/local/texlive/2025/texmf-dist/tex/latex/graphics/keyval.sty)
(/usr/local/texlive/2025/texmf-dist/tex/generic/iftex/ifvtex.sty
(/usr/local/texlive/2025/texmf-dist/tex/generic/iftex/iftex.sty)))
(/usr/local/texlive/2025/texmf-dist/tex/latex/graphics/graphicx.sty
(/usr/local/texlive/2025/texmf-dist/tex/latex/graphics/graphics.sty
(/usr/local/texlive/2025/texmf-dist/tex/latex/graphics/trig.sty)
(/usr/local/texlive/2025/texmf-dist/tex/latex/graphics-cfg/graphics.cfg)
(/usr/local/texlive/2025/texmf-dist/tex/latex/graphics-def/pdftex.def)))
(/usr/local/texlive/2025/texmf-dist/tex/latex/booktabs/booktabs.sty)
(/usr/local/texlive/2025/texmf-dist/tex/latex/hyperref/hyperref.sty
(/usr/local/texlive/2025/texmf-dist/tex/latex/kvsetkeys/kvsetkeys.sty)
(/usr/local/texlive/2025/texmf-dist/tex/generic/kvdefinekeys/kvdefinekeys.sty)
(/usr/local/texlive/2025/texmf-dist/tex/generic/pdfescape/pdfescape.sty
(/usr/local/texlive/2025/texmf-dist/tex/generic/ltxcmds/ltxcmds.sty)
(/usr/local/texlive/2025/texmf-dist/tex/generic/pdftexcmds/pdftexcmds.sty
(/usr/local/texlive/2025/texmf-dist/tex/generic/infwarerr/infwarerr.sty)))
(/usr/local/texlive/2025/texmf-dist/tex/latex/hycolor/hycolor.sty)
(/usr/local/texlive/2025/texmf-dist/tex/latex/hyperref/nameref.sty
(/usr/local/texlive/2025/texmf-dist/tex/latex/refcount/refcount.sty)
(/usr/local/texlive/2025/texmf-dist/tex/generic/gettitlestring/gettitlestring.s
ty (/usr/local/texlive/2025/texmf-dist/tex/latex/kvoptions/kvoptions.sty)))
(/usr/local/texlive/2025/texmf-dist/tex/latex/etoolbox/etoolbox.sty)
(/usr/local/texlive/2025/texmf-dist/tex/generic/stringenc/stringenc.sty)
(/usr/local/texlive/2025/texmf-dist/tex/latex/hyperref/pd1enc.def)
(/usr/local/texlive/2025/texmf-dist/tex/generic/intcalc/intcalc.sty)
(/usr/local/texlive/2025/texmf-dist/tex/latex/hyperref/puenc.def)
(/usr/local/texlive/2025/texmf-dist/tex/latex/url/url.sty)
(/usr/local/texlive/2025/texmf-dist/tex/generic/bitset/bitset.sty
(/usr/local/texlive/2025/texmf-dist/tex/generic/bigintcalc/bigintcalc.sty)))
(/usr/local/texlive/2025/texmf-dist/tex/latex/hyperref/hpdftex.def
(/usr/local/texlive/2025/texmf-dist/tex/latex/rerunfilecheck/rerunfilecheck.sty

(/usr/local/texlive/2025/texmf-dist/tex/generic/uniquecounter/uniquecounter.sty
))) (/usr/local/texlive/2025/texmf-dist/tex/latex/amsmath/amsmath.sty
For additional information on amsmath, use the `?' option.
(/usr/local/texlive/2025/texmf-dist/tex/latex/amsmath/amstext.sty
(/usr/local/texlive/2025/texmf-dist/tex/latex/amsmath/amsgen.sty))
(/usr/local/texlive/2025/texmf-dist/tex/latex/amsmath/amsbsy.sty)
(/usr/local/texlive/2025/texmf-dist/tex/latex/amsmath/amsopn.sty))
(/usr/local/texlive/2025/texmf-dist/tex/latex/siunitx/siunitx.sty
(/usr/local/texlive/2025/texmf-dist/tex/latex/translations/translations.sty)
(/usr/local/texlive/2025/texmf-dist/tex/latex/tools/array.sty))
(/usr/local/texlive/2025/texmf-dist/tex/latex/underscore/underscore.sty)
==> First Aid for underscore.sty applied!
(/usr/local/texlive/2025/texmf-dist/tex/latex/firstaid/underscore-ltx.sty)
(/usr/local/texlive/2025/texmf-dist/tex/latex/caption/subcaption.sty
(/usr/local/texlive/2025/texmf-dist/tex/latex/caption/caption.sty
(/usr/local/texlive/2025/texmf-dist/tex/latex/caption/caption3.sty)))
(/usr/local/texlive/2025/texmf-dist/tex/latex/tools/verbatim.sty)
(/usr/local/texlive/2025/texmf-dist/tex/latex/graphics/color.sty
(/usr/local/texlive/2025/texmf-dist/tex/latex/graphics-cfg/color.cfg)
(/usr/local/texlive/2025/texmf-dist/tex/latex/graphics/mathcolor.ltx))
(/usr/local/texlive/2025/texmf-dist/tex/latex/l3backend/l3backend-pdftex.def)
(build/report.aux)
*geometry* driver: auto-detecting
*geometry* detected driver: pdftex
(/usr/local/texlive/2025/texmf-dist/tex/context/base/mkii/supp-pdf.mkii
[Loading MPS to PDF converter (version 2006.09.02).]
) (/usr/local/texlive/2025/texmf-dist/tex/latex/epstopdf-pkg/epstopdf-base.sty
(/usr/local/texlive/2025/texmf-dist/tex/latex/latexconfig/epstopdf-sys.cfg))
(build/report.out) (build/report.out)
(/usr/local/texlive/2025/texmf-dist/tex/latex/translations/translations-basic-d
ictionary-english.trsl)
[1{/usr/local/texlive/2025/texmf-var/fonts/map/pdftex/updmap/pdftex.map}]
(./tables/case_setup.tex) (./tables/case_settings.tex)
(./tables/rom_settings.tex) (./tables/pod_energy.tex) (./tables/force_stats.tex
)
Overfull \hbox (36.64977pt too wide) in paragraph at lines 102--103
\OT1/cmr/m/n/10.95 The fol-low-ing checks are gen-er-ated au-to-mat-i-cally and
 are in-tended to catch com-mon force/normalization

[2]
Overfull \hbox (75.91138pt too wide) in paragraph at lines 105--105
[]  \OT1/cmtt/m/n/10.95 "case_dir": "/home/kalel1938/Documents/codex_projects/a
daptive_model_reduction/cases/low",[] 

[3]
Overfull \hbox (133.39825pt too wide) in paragraph at lines 105--105
[]    \OT1/cmtt/m/n/10.95 "Checks enforced: forceCoeffs patches must be cylinde
r-only; Aref/lRef/magUInf must be positive.",[] 

Overfull \hbox (81.66006pt too wide) in paragraph at lines 106--106
[]  \OT1/cmtt/m/n/10.95 "case_dir": "/home/kalel1938/Documents/codex_projects/a
daptive_model_reduction/cases/high",[] 

[4]
Overfull \hbox (133.39825pt too wide) in paragraph at lines 106--106
[]    \OT1/cmtt/m/n/10.95 "Checks enforced: forceCoeffs patches must be cylinde
r-only; Aref/lRef/magUInf must be positive.",[] 
(./tables/force_stats_checks_low.tex) (./tables/force_stats_checks_high.tex)
[5] (./tables/summary_low.tex)
[6{/usr/local/texlive/2025/texmf-dist/fonts/enc/dvips/cm-super/cm-super-ts1.enc
}] (./tables/summary_high.tex)
[7 <./figures/low_svd_U.png>]
[8 <./figures/low_svd_p.png>]
[9 <./figures/low_energy_U.png>] (build/report.bbl
[10 <./figures/low_energy_p.png>]
[11 <./figures/low_err_rom_only.png>])
[12 <./figures/low_timeline.png>]
[13 <./figures/low_err_validate.png> <./figures/low_speed.png>]
[14 <./figures/low_forces.png> <./figures/low_coeffs.png>]
[15 <./figures/low_cl_fft.png> <./figures/high_svd_U.png>]
[16 <./figures/high_svd_p.png> <./figures/high_energy_U.png>]
[17 <./figures/high_energy_p.png> <./figures/high_timeline.png>]
[18 <./figures/high_err_validate.png> <./figures/high_speed.png>]
[19 <./figures/high_forces.png> <./figures/high_coeffs.png>]
[20 <./figures/high_cl_fft.png> <./figures/mesh_low.png (PNG copy)> <./figures/
mesh_low_zoom.png (PNG copy)> <./figures/U_low_t0.png (PNG copy)> <./figures/U_
low_tmid.png (PNG copy)> <./figures/U_low_tend.png (PNG copy)>]
[21 <./figures/p_low_tmid.png (PNG copy)> <./figures/low_vort_mid.png (PNG copy
)> <./figures/fom_vs_rom_Umag_mid_low_clean.png> <./figures/fom_vs_rom_vortZ_mi
d_low.png> <./figures/mode1_U.png (PNG copy)> <./figures/mode2_U.png (PNG copy)
> <./figures/mode3_U.png (PNG copy)>]
[22 <./figures/mesh_high.png (PNG copy)> <./figures/mesh_high_zoom.png (PNG cop
y)> <./figures/U_high_tmid.png (PNG copy)> <./figures/high_vort_mid.png (PNG co
py)> <./figures/fom_vs_rom_Umag_mid_high_clean.png>] (build/report.aux) )
(see the transcript file for additional information)</usr/local/texlive/2025/te
xmf-dist/fonts/type1/public/amsfonts/cm/cmbx10.pfb></usr/local/texlive/2025/tex
mf-dist/fonts/type1/public/amsfonts/cm/cmbx12.pfb></usr/local/texlive/2025/texm
f-dist/fonts/type1/public/amsfonts/cm/cmmi10.pfb></usr/local/texlive/2025/texmf
-dist/fonts/type1/public/amsfonts/cm/cmmi8.pfb></usr/local/texlive/2025/texmf-d
ist/fonts/type1/public/amsfonts/cm/cmr10.pfb></usr/local/texlive/2025/texmf-dis
t/fonts/type1/public/amsfonts/cm/cmr12.pfb></usr/local/texlive/2025/texmf-dist/
fonts/type1/public/amsfonts/cm/cmr17.pfb></usr/local/texlive/2025/texmf-dist/fo
nts/type1/public/amsfonts/cm/cmr8.pfb></usr/local/texlive/2025/texmf-dist/fonts
/type1/public/amsfonts/cm/cmr9.pfb></usr/local/texlive/2025/texmf-dist/fonts/ty
pe1/public/amsfonts/cm/cmsy10.pfb></usr/local/texlive/2025/texmf-dist/fonts/typ
e1/public/amsfonts/cm/cmsy8.pfb></usr/local/texlive/2025/texmf-dist/fonts/type1
/public/amsfonts/cm/cmti10.pfb></usr/local/texlive/2025/texmf-dist/fonts/type1/
public/amsfonts/cm/cmtt10.pfb></usr/local/texlive/2025/texmf-dist/fonts/type1/p
ublic/cm-super/sfrm1095.pfb>
Output written on build/report.pdf (22 pages, 4776271 bytes).
Transcript written on build/report.log.
This is pdfTeX, Version 3.141592653-2.6-1.40.28 (TeX Live 2025) (preloaded format=pdflatex)
 restricted \write18 enabled.
entering extended mode
(./report.tex
LaTeX2e <2025-06-01> patch level 1
L3 programming layer <2025-08-13>
(/usr/local/texlive/2025/texmf-dist/tex/latex/base/article.cls
Document Class: article 2025/01/22 v1.4n Standard LaTeX document class
(/usr/local/texlive/2025/texmf-dist/tex/latex/base/size11.clo))
(/usr/local/texlive/2025/texmf-dist/tex/latex/geometry/geometry.sty
(/usr/local/texlive/2025/texmf-dist/tex/latex/graphics/keyval.sty)
(/usr/local/texlive/2025/texmf-dist/tex/generic/iftex/ifvtex.sty
(/usr/local/texlive/2025/texmf-dist/tex/generic/iftex/iftex.sty)))
(/usr/local/texlive/2025/texmf-dist/tex/latex/graphics/graphicx.sty
(/usr/local/texlive/2025/texmf-dist/tex/latex/graphics/graphics.sty
(/usr/local/texlive/2025/texmf-dist/tex/latex/graphics/trig.sty)
(/usr/local/texlive/2025/texmf-dist/tex/latex/graphics-cfg/graphics.cfg)
(/usr/local/texlive/2025/texmf-dist/tex/latex/graphics-def/pdftex.def)))
(/usr/local/texlive/2025/texmf-dist/tex/latex/booktabs/booktabs.sty)
(/usr/local/texlive/2025/texmf-dist/tex/latex/hyperref/hyperref.sty
(/usr/local/texlive/2025/texmf-dist/tex/latex/kvsetkeys/kvsetkeys.sty)
(/usr/local/texlive/2025/texmf-dist/tex/generic/kvdefinekeys/kvdefinekeys.sty)
(/usr/local/texlive/2025/texmf-dist/tex/generic/pdfescape/pdfescape.sty
(/usr/local/texlive/2025/texmf-dist/tex/generic/ltxcmds/ltxcmds.sty)
(/usr/local/texlive/2025/texmf-dist/tex/generic/pdftexcmds/pdftexcmds.sty
(/usr/local/texlive/2025/texmf-dist/tex/generic/infwarerr/infwarerr.sty)))
(/usr/local/texlive/2025/texmf-dist/tex/latex/hycolor/hycolor.sty)
(/usr/local/texlive/2025/texmf-dist/tex/latex/hyperref/nameref.sty
(/usr/local/texlive/2025/texmf-dist/tex/latex/refcount/refcount.sty)
(/usr/local/texlive/2025/texmf-dist/tex/generic/gettitlestring/gettitlestring.s
ty (/usr/local/texlive/2025/texmf-dist/tex/latex/kvoptions/kvoptions.sty)))
(/usr/local/texlive/2025/texmf-dist/tex/latex/etoolbox/etoolbox.sty)
(/usr/local/texlive/2025/texmf-dist/tex/generic/stringenc/stringenc.sty)
(/usr/local/texlive/2025/texmf-dist/tex/latex/hyperref/pd1enc.def)
(/usr/local/texlive/2025/texmf-dist/tex/generic/intcalc/intcalc.sty)
(/usr/local/texlive/2025/texmf-dist/tex/latex/hyperref/puenc.def)
(/usr/local/texlive/2025/texmf-dist/tex/latex/url/url.sty)
(/usr/local/texlive/2025/texmf-dist/tex/generic/bitset/bitset.sty
(/usr/local/texlive/2025/texmf-dist/tex/generic/bigintcalc/bigintcalc.sty)))
(/usr/local/texlive/2025/texmf-dist/tex/latex/hyperref/hpdftex.def
(/usr/local/texlive/2025/texmf-dist/tex/latex/rerunfilecheck/rerunfilecheck.sty

(/usr/local/texlive/2025/texmf-dist/tex/generic/uniquecounter/uniquecounter.sty
))) (/usr/local/texlive/2025/texmf-dist/tex/latex/amsmath/amsmath.sty
For additional information on amsmath, use the `?' option.
(/usr/local/texlive/2025/texmf-dist/tex/latex/amsmath/amstext.sty
(/usr/local/texlive/2025/texmf-dist/tex/latex/amsmath/amsgen.sty))
(/usr/local/texlive/2025/texmf-dist/tex/latex/amsmath/amsbsy.sty)
(/usr/local/texlive/2025/texmf-dist/tex/latex/amsmath/amsopn.sty))
(/usr/local/texlive/2025/texmf-dist/tex/latex/siunitx/siunitx.sty
(/usr/local/texlive/2025/texmf-dist/tex/latex/translations/translations.sty)
(/usr/local/texlive/2025/texmf-dist/tex/latex/tools/array.sty))
(/usr/local/texlive/2025/texmf-dist/tex/latex/underscore/underscore.sty)
==> First Aid for underscore.sty applied!
(/usr/local/texlive/2025/texmf-dist/tex/latex/firstaid/underscore-ltx.sty)
(/usr/local/texlive/2025/texmf-dist/tex/latex/caption/subcaption.sty
(/usr/local/texlive/2025/texmf-dist/tex/latex/caption/caption.sty
(/usr/local/texlive/2025/texmf-dist/tex/latex/caption/caption3.sty)))
(/usr/local/texlive/2025/texmf-dist/tex/latex/tools/verbatim.sty)
(/usr/local/texlive/2025/texmf-dist/tex/latex/graphics/color.sty
(/usr/local/texlive/2025/texmf-dist/tex/latex/graphics-cfg/color.cfg)
(/usr/local/texlive/2025/texmf-dist/tex/latex/graphics/mathcolor.ltx))
(/usr/local/texlive/2025/texmf-dist/tex/latex/l3backend/l3backend-pdftex.def)
(build/report.aux)
*geometry* driver: auto-detecting
*geometry* detected driver: pdftex
(/usr/local/texlive/2025/texmf-dist/tex/context/base/mkii/supp-pdf.mkii
[Loading MPS to PDF converter (version 2006.09.02).]
) (/usr/local/texlive/2025/texmf-dist/tex/latex/epstopdf-pkg/epstopdf-base.sty
(/usr/local/texlive/2025/texmf-dist/tex/latex/latexconfig/epstopdf-sys.cfg))
(build/report.out) (build/report.out)
(/usr/local/texlive/2025/texmf-dist/tex/latex/translations/translations-basic-d
ictionary-english.trsl)
[1{/usr/local/texlive/2025/texmf-var/fonts/map/pdftex/updmap/pdftex.map}]
(./tables/case_setup.tex) (./tables/case_settings.tex)
(./tables/rom_settings.tex) (./tables/pod_energy.tex) (./tables/force_stats.tex
)
Overfull \hbox (36.64977pt too wide) in paragraph at lines 102--103
\OT1/cmr/m/n/10.95 The fol-low-ing checks are gen-er-ated au-to-mat-i-cally and
 are in-tended to catch com-mon force/normalization

[2]
Overfull \hbox (75.91138pt too wide) in paragraph at lines 105--105
[]  \OT1/cmtt/m/n/10.95 "case_dir": "/home/kalel1938/Documents/codex_projects/a
daptive_model_reduction/cases/low",[] 

[3]
Overfull \hbox (133.39825pt too wide) in paragraph at lines 105--105
[]    \OT1/cmtt/m/n/10.95 "Checks enforced: forceCoeffs patches must be cylinde
r-only; Aref/lRef/magUInf must be positive.",[] 

Overfull \hbox (81.66006pt too wide) in paragraph at lines 106--106
[]  \OT1/cmtt/m/n/10.95 "case_dir": "/home/kalel1938/Documents/codex_projects/a
daptive_model_reduction/cases/high",[] 

[4]
Overfull \hbox (133.39825pt too wide) in paragraph at lines 106--106
[]    \OT1/cmtt/m/n/10.95 "Checks enforced: forceCoeffs patches must be cylinde
r-only; Aref/lRef/magUInf must be positive.",[] 
(./tables/force_stats_checks_low.tex) (./tables/force_stats_checks_high.tex)
[5] (./tables/summary_low.tex)
[6{/usr/local/texlive/2025/texmf-dist/fonts/enc/dvips/cm-super/cm-super-ts1.enc
}] (./tables/summary_high.tex)
[7 <./figures/low_svd_U.png>]
[8 <./figures/low_svd_p.png>]
[9 <./figures/low_energy_U.png>] (build/report.bbl
[10 <./figures/low_energy_p.png>]
[11 <./figures/low_err_rom_only.png>])
[12 <./figures/low_timeline.png>]
[13 <./figures/low_err_validate.png> <./figures/low_speed.png>]
[14 <./figures/low_forces.png> <./figures/low_coeffs.png>]
[15 <./figures/low_cl_fft.png> <./figures/high_svd_U.png>]
[16 <./figures/high_svd_p.png> <./figures/high_energy_U.png>]
[17 <./figures/high_energy_p.png> <./figures/high_timeline.png>]
[18 <./figures/high_err_validate.png> <./figures/high_speed.png>]
[19 <./figures/high_forces.png> <./figures/high_coeffs.png>]
[20 <./figures/high_cl_fft.png> <./figures/mesh_low.png (PNG copy)> <./figures/
mesh_low_zoom.png (PNG copy)> <./figures/U_low_t0.png (PNG copy)> <./figures/U_
low_tmid.png (PNG copy)> <./figures/U_low_tend.png (PNG copy)>]
[21 <./figures/p_low_tmid.png (PNG copy)> <./figures/low_vort_mid.png (PNG copy
)> <./figures/fom_vs_rom_Umag_mid_low_clean.png> <./figures/fom_vs_rom_vortZ_mi
d_low.png> <./figures/mode1_U.png (PNG copy)> <./figures/mode2_U.png (PNG copy)
> <./figures/mode3_U.png (PNG copy)>]
[22 <./figures/mesh_high.png (PNG copy)> <./figures/mesh_high_zoom.png (PNG cop
y)> <./figures/U_high_tmid.png (PNG copy)> <./figures/high_vort_mid.png (PNG co
py)> <./figures/fom_vs_rom_Umag_mid_high_clean.png>] (build/report.aux) )
(see the transcript file for additional information)</usr/local/texlive/2025/te
xmf-dist/fonts/type1/public/amsfonts/cm/cmbx10.pfb></usr/local/texlive/2025/tex
mf-dist/fonts/type1/public/amsfonts/cm/cmbx12.pfb></usr/local/texlive/2025/texm
f-dist/fonts/type1/public/amsfonts/cm/cmmi10.pfb></usr/local/texlive/2025/texmf
-dist/fonts/type1/public/amsfonts/cm/cmmi8.pfb></usr/local/texlive/2025/texmf-d
ist/fonts/type1/public/amsfonts/cm/cmr10.pfb></usr/local/texlive/2025/texmf-dis
t/fonts/type1/public/amsfonts/cm/cmr12.pfb></usr/local/texlive/2025/texmf-dist/
fonts/type1/public/amsfonts/cm/cmr17.pfb></usr/local/texlive/2025/texmf-dist/fo
nts/type1/public/amsfonts/cm/cmr8.pfb></usr/local/texlive/2025/texmf-dist/fonts
/type1/public/amsfonts/cm/cmr9.pfb></usr/local/texlive/2025/texmf-dist/fonts/ty
pe1/public/amsfonts/cm/cmsy10.pfb></usr/local/texlive/2025/texmf-dist/fonts/typ
e1/public/amsfonts/cm/cmsy8.pfb></usr/local/texlive/2025/texmf-dist/fonts/type1
/public/amsfonts/cm/cmti10.pfb></usr/local/texlive/2025/texmf-dist/fonts/type1/
public/amsfonts/cm/cmtt10.pfb></usr/local/texlive/2025/texmf-dist/fonts/type1/p
ublic/cm-super/sfrm1095.pfb>
Output written on build/report.pdf (22 pages, 4776271 bytes).
Transcript written on build/report.log.
[09:17:10] Report PDF: /home/kalel1938/Documents/codex_projects/adaptive_model_reduction/report/build/report.pdf
[09:17:10] Done. Log saved to: /home/kalel1938/Documents/codex_projects/adaptive_model_reduction/results/logs/07_make_report_20251222_091216.log
