[00:40:52] Activated venv: /home/kalel1938/venvs/myenv/bin/activate
[00:40:52] Sourced OpenFOAM: /opt/openfoam13/etc/bashrc
[00:40:52] Post-processing force coefficients over FOM-only fields (low)...
[postprocess_force_coeffs] Wrote: /home/kalel1938/Documents/codex_projects/adaptive_model_reduction_copy/results/low/fom_only/fom_only_case/postProcessing/forceCoeffsIncompressible/0/forceCoeffs.dat
[postprocess_force_coeffs] Meta: /home/kalel1938/Documents/codex_projects/adaptive_model_reduction_copy/results/low/metrics/forceCoeffsIncompressible_fom_only_meta.json
[00:41:08] Post-processing force coefficients over ROM-reconstructed fields (low)...
[00:41:08] Activated venv: /home/kalel1938/venvs/myenv/bin/activate
[00:41:08] Using config: /home/kalel1938/Documents/codex_projects/adaptive_model_reduction_copy/rom/configs/low.yaml
[00:41:08] Post-processing force coefficients over reconstructed ROM fields (adaptive case)...
[postprocess_force_coeffs] Wrote: /home/kalel1938/Documents/codex_projects/adaptive_model_reduction_copy/results/low/adaptive/adaptive_case/postProcessing/forceCoeffsIncompressible/0/forceCoeffs.dat
[postprocess_force_coeffs] Meta: /home/kalel1938/Documents/codex_projects/adaptive_model_reduction_copy/results/low/metrics/forceCoeffsIncompressible_adaptive_meta.json
[00:42:56] Done. Log saved to: /home/kalel1938/Documents/codex_projects/adaptive_model_reduction_copy/results/logs/10_postprocess_coeffs_low_20260106_004108.log
[00:42:56] Post-processing force coefficients over ROM-reconstructed fields (high)...
[00:42:56] Activated venv: /home/kalel1938/venvs/myenv/bin/activate
[00:42:56] Using config: /home/kalel1938/Documents/codex_projects/adaptive_model_reduction_copy/rom/configs/high.yaml
[00:42:56] Post-processing force coefficients over reconstructed ROM fields (adaptive case)...
[postprocess_force_coeffs] Wrote: /home/kalel1938/Documents/codex_projects/adaptive_model_reduction_copy/results/high/adaptive/adaptive_case/postProcessing/forceCoeffsIncompressible/0/forceCoeffs.dat
[postprocess_force_coeffs] Meta: /home/kalel1938/Documents/codex_projects/adaptive_model_reduction_copy/results/high/metrics/forceCoeffsIncompressible_adaptive_meta.json
[00:44:51] Done. Log saved to: /home/kalel1938/Documents/codex_projects/adaptive_model_reduction_copy/results/logs/11_postprocess_coeffs_high_20260106_004256.log
[00:44:51] Post-processing force coefficients over FOM-only fields (high)...
[postprocess_force_coeffs] Wrote: /home/kalel1938/Documents/codex_projects/adaptive_model_reduction_copy/results/high/fom_only/fom_only_case/postProcessing/forceCoeffsIncompressible/0/forceCoeffs.dat
[postprocess_force_coeffs] Meta: /home/kalel1938/Documents/codex_projects/adaptive_model_reduction_copy/results/high/metrics/forceCoeffsIncompressible_fom_only_meta.json
[00:44:52] Running forceCoeffs configuration verification (low/high)...
[verify_forcecoeffs_config] case=low case_dir=/home/kalel1938/Documents/codex_projects/adaptive_model_reduction_copy/cases/low
[verify_forcecoeffs_config] cylinder_patch=cylinder is_2d=True inlet_magU=1.0
[verify_forcecoeffs_config] blockage_beta=D/H=0.5
[verify_forcecoeffs_config] system/controlDict:functions:forceCoeffs1: patches=['cylinder'] magUInf=1.0 lRef=2.0 Aref=2.0 dragDir=(1.0, 0.0, 0.0) liftDir=(0.0, 1.0, 0.0) rho=rhoInf rhoInf=1.0
[verify_forcecoeffs_config] Wrote: /home/kalel1938/Documents/codex_projects/adaptive_model_reduction_copy/results/forcecoeffs_config_low.json
[verify_forcecoeffs_config] case=high case_dir=/home/kalel1938/Documents/codex_projects/adaptive_model_reduction_copy/cases/high
[verify_forcecoeffs_config] cylinder_patch=cylinder is_2d=True inlet_magU=1.0
[verify_forcecoeffs_config] blockage_beta=D/H=0.5
[verify_forcecoeffs_config] system/controlDict:functions:forceCoeffs1: patches=['cylinder'] magUInf=1.0 lRef=2.0 Aref=2.0 dragDir=(1.0, 0.0, 0.0) liftDir=(0.0, 1.0, 0.0) rho=rhoInf rhoInf=1.0
[verify_forcecoeffs_config] Wrote: /home/kalel1938/Documents/codex_projects/adaptive_model_reduction_copy/results/forcecoeffs_config_high.json
[00:44:52] Computing force statistics tables (low/high)...
[compute_force_stats] unconfined Re=200 reference: Cd≈1.316, St≈0.1958 (sanity anchor)
[compute_force_stats] Wrote: /home/kalel1938/Documents/codex_projects/adaptive_model_reduction_copy/results/low/force_stats.csv
[compute_force_stats] Wrote: /home/kalel1938/Documents/codex_projects/adaptive_model_reduction_copy/results/force_stats_low.csv
[compute_force_stats] Wrote: /home/kalel1938/Documents/codex_projects/adaptive_model_reduction_copy/report/tables/force_stats_checks_low.tex
[compute_force_stats] NOTE: Large deviation is expected under strong confinement, but only after configuration checks pass.
[compute_force_stats] Wrote: /home/kalel1938/Documents/codex_projects/adaptive_model_reduction_copy/results/high/force_stats.csv
[compute_force_stats] Wrote: /home/kalel1938/Documents/codex_projects/adaptive_model_reduction_copy/results/force_stats_high.csv
[compute_force_stats] Wrote: /home/kalel1938/Documents/codex_projects/adaptive_model_reduction_copy/report/tables/force_stats_checks_high.tex
[compute_force_stats] NOTE: Large deviation is expected under strong confinement, but only after configuration checks pass.
[00:44:53] Rendering low/high flow snapshots used by Figures 23/24/29 (no pvpython)...
[render_snapshots_shared] time=0 -> /home/kalel1938/Documents/codex_projects/adaptive_model_reduction_copy/report/figures/U_low_t0.png
[render_snapshots_shared] time=0.5 -> /home/kalel1938/Documents/codex_projects/adaptive_model_reduction_copy/report/figures/U_low_tmid.png
[render_snapshots_shared] time=1 -> /home/kalel1938/Documents/codex_projects/adaptive_model_reduction_copy/report/figures/U_low_tend.png
[render_snapshots_shared] time=0.5 -> /home/kalel1938/Documents/codex_projects/adaptive_model_reduction_copy/report/figures/p_low_tmid.png
[render_snapshots_shared] time=0.5 -> /home/kalel1938/Documents/codex_projects/adaptive_model_reduction_copy/report/figures/low_vort_mid.png
[render_snapshots_shared] time=0.5 -> /home/kalel1938/Documents/codex_projects/adaptive_model_reduction_copy/report/figures/U_high_tmid.png
[render_snapshots_shared] time=0.5 -> /home/kalel1938/Documents/codex_projects/adaptive_model_reduction_copy/report/figures/high_vort_mid.png
[00:44:59] Rendering vorticity comparison (low: FOM vs ROM, no pvpython)...
[render_vorticity_comparison] Wrote: /home/kalel1938/Documents/codex_projects/adaptive_model_reduction_copy/report/figures/fom_vs_rom_vortZ_mid_low.png
[00:45:01] Rendering velocity-magnitude comparisons (no pvpython)...
[render_umag_comparison] Wrote: /home/kalel1938/Documents/codex_projects/adaptive_model_reduction_copy/report/figures/fom_vs_rom_Umag_mid_low_clean.png
[render_umag_comparison] Wrote: /home/kalel1938/Documents/codex_projects/adaptive_model_reduction_copy/report/figures/fom_vs_rom_Umag_mid_high_clean.png
[00:45:03] Generating tables/figures from results...
[report_assets] Wrote tables to: /home/kalel1938/Documents/codex_projects/adaptive_model_reduction_copy/report/tables
[report_assets] Wrote/copied figures to: /home/kalel1938/Documents/codex_projects/adaptive_model_reduction_copy/report/figures
[00:45:08] Generating BibTeX from references PDFs...
[references_bib] Wrote: /home/kalel1938/Documents/codex_projects/adaptive_model_reduction_copy/report/report.bib (10 entries)
[00:45:08] Exporting first 3 POD velocity modes to an OpenFOAM case (low)...
[export_pod_modes] Wrote modes case: /home/kalel1938/Documents/codex_projects/adaptive_model_reduction_copy/results/low/modes_case
[00:45:08] Rendering POD mode snapshots used by Figure 27 (no pvpython)...
[render_snapshots_shared] time=1001 -> /home/kalel1938/Documents/codex_projects/adaptive_model_reduction_copy/report/figures/mode1_U.png
[render_snapshots_shared] time=1002 -> /home/kalel1938/Documents/codex_projects/adaptive_model_reduction_copy/report/figures/mode2_U.png
[render_snapshots_shared] time=1003 -> /home/kalel1938/Documents/codex_projects/adaptive_model_reduction_copy/report/figures/mode3_U.png
[00:45:10] Attempting ParaView screenshots (pvpython; offscreen when possible)...
[pv_screenshots] Wrote screenshots to: /home/kalel1938/Documents/codex_projects/adaptive_model_reduction_copy/report/figures
[00:45:21] Re-rendering report snapshots (enforce shared color scale + consistent colorbar placement)...
[render_snapshots_shared] time=0 -> /home/kalel1938/Documents/codex_projects/adaptive_model_reduction_copy/report/figures/U_low_t0.png
[render_snapshots_shared] time=0.5 -> /home/kalel1938/Documents/codex_projects/adaptive_model_reduction_copy/report/figures/U_low_tmid.png
[render_snapshots_shared] time=1 -> /home/kalel1938/Documents/codex_projects/adaptive_model_reduction_copy/report/figures/U_low_tend.png
[render_snapshots_shared] time=0.5 -> /home/kalel1938/Documents/codex_projects/adaptive_model_reduction_copy/report/figures/p_low_tmid.png
[render_snapshots_shared] time=0.5 -> /home/kalel1938/Documents/codex_projects/adaptive_model_reduction_copy/report/figures/low_vort_mid.png
[render_snapshots_shared] time=0.5 -> /home/kalel1938/Documents/codex_projects/adaptive_model_reduction_copy/report/figures/U_high_tmid.png
[render_snapshots_shared] time=0.5 -> /home/kalel1938/Documents/codex_projects/adaptive_model_reduction_copy/report/figures/high_vort_mid.png
[render_snapshots_shared] time=1001 -> /home/kalel1938/Documents/codex_projects/adaptive_model_reduction_copy/report/figures/mode1_U.png
[render_snapshots_shared] time=1002 -> /home/kalel1938/Documents/codex_projects/adaptive_model_reduction_copy/report/figures/mode2_U.png
[render_snapshots_shared] time=1003 -> /home/kalel1938/Documents/codex_projects/adaptive_model_reduction_copy/report/figures/mode3_U.png
[render_vorticity_comparison] Wrote: /home/kalel1938/Documents/codex_projects/adaptive_model_reduction_copy/report/figures/fom_vs_rom_vortZ_mid_low.png
[00:45:31] Building combined FOM/ROM comparison figure...
[00:45:32] Building combined FOM/ROM vorticity comparison figure (low)...
[00:45:34] Auto-cropping ParaView screenshots (reduce whitespace)...
[00:45:39] Compiling LaTeX report...
This is pdfTeX, Version 3.141592653-2.6-1.40.28 (TeX Live 2025) (preloaded format=pdflatex)
 restricted \write18 enabled.
entering extended mode
(./report.tex
LaTeX2e <2025-06-01> patch level 1
L3 programming layer <2025-08-13>
(/usr/local/texlive/2025/texmf-dist/tex/latex/base/article.cls
Document Class: article 2025/01/22 v1.4n Standard LaTeX document class
(/usr/local/texlive/2025/texmf-dist/tex/latex/base/size11.clo))
(/usr/local/texlive/2025/texmf-dist/tex/latex/geometry/geometry.sty
(/usr/local/texlive/2025/texmf-dist/tex/latex/graphics/keyval.sty)
(/usr/local/texlive/2025/texmf-dist/tex/generic/iftex/ifvtex.sty
(/usr/local/texlive/2025/texmf-dist/tex/generic/iftex/iftex.sty)))
(/usr/local/texlive/2025/texmf-dist/tex/latex/setspace/setspace.sty)
(/usr/local/texlive/2025/texmf-dist/tex/latex/lineno/lineno.sty
(/usr/local/texlive/2025/texmf-dist/tex/latex/etoolbox/etoolbox.sty)
(/usr/local/texlive/2025/texmf-dist/tex/latex/kvoptions/kvoptions.sty
(/usr/local/texlive/2025/texmf-dist/tex/generic/ltxcmds/ltxcmds.sty)
(/usr/local/texlive/2025/texmf-dist/tex/latex/kvsetkeys/kvsetkeys.sty)))
(/usr/local/texlive/2025/texmf-dist/tex/latex/graphics/graphicx.sty
(/usr/local/texlive/2025/texmf-dist/tex/latex/graphics/graphics.sty
(/usr/local/texlive/2025/texmf-dist/tex/latex/graphics/trig.sty)
(/usr/local/texlive/2025/texmf-dist/tex/latex/graphics-cfg/graphics.cfg)
(/usr/local/texlive/2025/texmf-dist/tex/latex/graphics-def/pdftex.def)))
(/usr/local/texlive/2025/texmf-dist/tex/latex/booktabs/booktabs.sty)
(/usr/local/texlive/2025/texmf-dist/tex/latex/amsmath/amsmath.sty
For additional information on amsmath, use the `?' option.
(/usr/local/texlive/2025/texmf-dist/tex/latex/amsmath/amstext.sty
(/usr/local/texlive/2025/texmf-dist/tex/latex/amsmath/amsgen.sty))
(/usr/local/texlive/2025/texmf-dist/tex/latex/amsmath/amsbsy.sty)
(/usr/local/texlive/2025/texmf-dist/tex/latex/amsmath/amsopn.sty))
(/usr/local/texlive/2025/texmf-dist/tex/latex/amsfonts/amssymb.sty
(/usr/local/texlive/2025/texmf-dist/tex/latex/amsfonts/amsfonts.sty))
(/usr/local/texlive/2025/texmf-dist/tex/latex/siunitx/siunitx.sty
(/usr/local/texlive/2025/texmf-dist/tex/latex/translations/translations.sty
(/usr/local/texlive/2025/texmf-dist/tex/generic/pdftexcmds/pdftexcmds.sty
(/usr/local/texlive/2025/texmf-dist/tex/generic/infwarerr/infwarerr.sty)))
(/usr/local/texlive/2025/texmf-dist/tex/latex/tools/array.sty))
(/usr/local/texlive/2025/texmf-dist/tex/latex/microtype/microtype.sty
(/usr/local/texlive/2025/texmf-dist/tex/latex/microtype/microtype-pdftex.def)
(/usr/local/texlive/2025/texmf-dist/tex/latex/microtype/microtype.cfg))
(/usr/local/texlive/2025/texmf-dist/tex/latex/underscore/underscore.sty)
==> First Aid for underscore.sty applied!
(/usr/local/texlive/2025/texmf-dist/tex/latex/firstaid/underscore-ltx.sty)
(/usr/local/texlive/2025/texmf-dist/tex/latex/caption/caption.sty
(/usr/local/texlive/2025/texmf-dist/tex/latex/caption/caption3.sty))
(/usr/local/texlive/2025/texmf-dist/tex/latex/caption/subcaption.sty)
(/usr/local/texlive/2025/texmf-dist/tex/latex/natbib/natbib.sty)
(/usr/local/texlive/2025/texmf-dist/tex/latex/hyperref/hyperref.sty
(/usr/local/texlive/2025/texmf-dist/tex/generic/kvdefinekeys/kvdefinekeys.sty)
(/usr/local/texlive/2025/texmf-dist/tex/generic/pdfescape/pdfescape.sty)
(/usr/local/texlive/2025/texmf-dist/tex/latex/hycolor/hycolor.sty)
(/usr/local/texlive/2025/texmf-dist/tex/latex/hyperref/nameref.sty
(/usr/local/texlive/2025/texmf-dist/tex/latex/refcount/refcount.sty)
(/usr/local/texlive/2025/texmf-dist/tex/generic/gettitlestring/gettitlestring.s
ty)) (/usr/local/texlive/2025/texmf-dist/tex/generic/stringenc/stringenc.sty)
(/usr/local/texlive/2025/texmf-dist/tex/latex/hyperref/pd1enc.def)
(/usr/local/texlive/2025/texmf-dist/tex/generic/intcalc/intcalc.sty)
(/usr/local/texlive/2025/texmf-dist/tex/latex/hyperref/puenc.def)
(/usr/local/texlive/2025/texmf-dist/tex/latex/url/url.sty)
(/usr/local/texlive/2025/texmf-dist/tex/generic/bitset/bitset.sty
(/usr/local/texlive/2025/texmf-dist/tex/generic/bigintcalc/bigintcalc.sty)))
(/usr/local/texlive/2025/texmf-dist/tex/latex/hyperref/hpdftex.def
(/usr/local/texlive/2025/texmf-dist/tex/latex/rerunfilecheck/rerunfilecheck.sty

(/usr/local/texlive/2025/texmf-dist/tex/generic/uniquecounter/uniquecounter.sty
))) (./tables/captions.tex)
(/usr/local/texlive/2025/texmf-dist/tex/latex/graphics/color.sty
(/usr/local/texlive/2025/texmf-dist/tex/latex/graphics-cfg/color.cfg)
(/usr/local/texlive/2025/texmf-dist/tex/latex/graphics/mathcolor.ltx))
(/usr/local/texlive/2025/texmf-dist/tex/latex/l3backend/l3backend-pdftex.def)
(build/report.aux)
*geometry* driver: auto-detecting
*geometry* detected driver: pdftex
(/usr/local/texlive/2025/texmf-dist/tex/context/base/mkii/supp-pdf.mkii
[Loading MPS to PDF converter (version 2006.09.02).]
) (/usr/local/texlive/2025/texmf-dist/tex/latex/epstopdf-pkg/epstopdf-base.sty
(/usr/local/texlive/2025/texmf-dist/tex/latex/latexconfig/epstopdf-sys.cfg))
(/usr/local/texlive/2025/texmf-dist/tex/latex/translations/translations-basic-d
ictionary-english.trsl)
(/usr/local/texlive/2025/texmf-dist/tex/latex/microtype/mt-cmr.cfg)
(build/report.out) (build/report.out)
(/usr/local/texlive/2025/texmf-dist/tex/latex/amsfonts/umsa.fd)
(/usr/local/texlive/2025/texmf-dist/tex/latex/microtype/mt-msa.cfg)
(/usr/local/texlive/2025/texmf-dist/tex/latex/amsfonts/umsb.fd)
(/usr/local/texlive/2025/texmf-dist/tex/latex/microtype/mt-msb.cfg)
[1{/usr/local/texlive/2025/texmf-var/fonts/map/pdftex/updmap/pdftex.map}]
[2] (./tables/case_setup.tex) (./tables/case_settings.tex)
(./tables/rom_settings.tex) (./tables/pod_energy.tex) (./tables/force_stats.tex
)
Overfull \hbox (10.22966pt too wide) in paragraph at lines 120--121
\OT1/cmr/m/n/10.95 (-20) The fol-low-ing checks are gen-er-ated au-to-mat-i-cal
ly and are in-tended to catch com-mon force/normalization

[3] (./tables/force_stats_checks_low.tex) (./tables/force_stats_checks_high.tex
) (./tables/summary_low.tex
[4{/usr/local/texlive/2025/texmf-dist/fonts/enc/dvips/cm-super/cm-super-ts1.enc
}])
[5] (./tables/summary_high.tex)
[6 <./figures/low_svd_U.png>]
[7 <./figures/low_svd_p.png> <./figures/low_energy_U.png>]
[8 <./figures/low_energy_p.png>]
[9 <./figures/low_err_rom_only.png> <./figures/low_timeline.png>]
[10 <./figures/low_err_validate.png> <./figures/low_speed.png>]
[11 <./figures/low_forces.png> <./figures/low_coeffs.png>]
[12 <./figures/low_cl_fft.png> <./figures/high_svd_U.png>]
[13 <./figures/high_svd_p.png> <./figures/high_energy_U.png>]
[14 <./figures/high_energy_p.png> <./figures/high_timeline.png>]
[15 <./figures/high_err_validate.png> <./figures/high_speed.png>]
[16 <./figures/high_forces.png> <./figures/high_coeffs.png>]
[17 <./figures/high_cl_fft.png> <./figures/mesh_low.png (PNG copy)> <./figures/
mesh_low_zoom.png (PNG copy)>]
[18 <./figures/U_low_t0.png> <./figures/U_low_tmid.png> <./figures/U_low_tend.p
ng> <./figures/p_low_tmid.png> <./figures/low_vort_mid.png> <./figures/fom_vs_r
om_Umag_mid_low_clean.png>]
[19 <./figures/fom_vs_rom_vortZ_mid_low.png> <./figures/mode1_U.png> <./figures
/mode2_U.png> <./figures/mode3_U.png>]
[20 <./figures/mesh_high.png (PNG copy)> <./figures/mesh_high_zoom.png (PNG cop
y)> <./figures/U_high_tmid.png> <./figures/high_vort_mid.png> <./figures/fom_vs
_rom_Umag_mid_high_clean.png>] (build/report.bbl
[21])
[22] (build/report.aux) )
(see the transcript file for additional information)</usr/local/texlive/2025/te
xmf-dist/fonts/type1/public/amsfonts/cm/cmbx10.pfb></usr/local/texlive/2025/tex
mf-dist/fonts/type1/public/amsfonts/cm/cmbx12.pfb></usr/local/texlive/2025/texm
f-dist/fonts/type1/public/amsfonts/cm/cmbx9.pfb></usr/local/texlive/2025/texmf-
dist/fonts/type1/public/amsfonts/cm/cmmi10.pfb></usr/local/texlive/2025/texmf-d
ist/fonts/type1/public/amsfonts/cm/cmmi7.pfb></usr/local/texlive/2025/texmf-dis
t/fonts/type1/public/amsfonts/cm/cmmi8.pfb></usr/local/texlive/2025/texmf-dist/
fonts/type1/public/amsfonts/cm/cmmi9.pfb></usr/local/texlive/2025/texmf-dist/fo
nts/type1/public/amsfonts/cm/cmr10.pfb></usr/local/texlive/2025/texmf-dist/font
s/type1/public/amsfonts/cm/cmr12.pfb></usr/local/texlive/2025/texmf-dist/fonts/
type1/public/amsfonts/cm/cmr17.pfb></usr/local/texlive/2025/texmf-dist/fonts/ty
pe1/public/amsfonts/cm/cmr7.pfb></usr/local/texlive/2025/texmf-dist/fonts/type1
/public/amsfonts/cm/cmr8.pfb></usr/local/texlive/2025/texmf-dist/fonts/type1/pu
blic/amsfonts/cm/cmr9.pfb></usr/local/texlive/2025/texmf-dist/fonts/type1/publi
c/amsfonts/cm/cmss8.pfb></usr/local/texlive/2025/texmf-dist/fonts/type1/public/
amsfonts/cm/cmsy10.pfb></usr/local/texlive/2025/texmf-dist/fonts/type1/public/a
msfonts/cm/cmsy8.pfb></usr/local/texlive/2025/texmf-dist/fonts/type1/public/ams
fonts/cm/cmti10.pfb></usr/local/texlive/2025/texmf-dist/fonts/type1/public/amsf
onts/cm/cmtt10.pfb></usr/local/texlive/2025/texmf-dist/fonts/type1/public/cm-su
per/sfrm1095.pfb>
Output written on build/report.pdf (22 pages, 3520662 bytes).
Transcript written on build/report.log.
This is BibTeX, Version 0.99d (TeX Live 2025)
The top-level auxiliary file: build/report.aux
The style file: unsrtnat.bst
Database file #1: report.bib
Database file #2: manual.bib
Warning--empty year in OpenFOAMForceCoeffs
(There was 1 warning)
This is pdfTeX, Version 3.141592653-2.6-1.40.28 (TeX Live 2025) (preloaded format=pdflatex)
 restricted \write18 enabled.
entering extended mode
(./report.tex
LaTeX2e <2025-06-01> patch level 1
L3 programming layer <2025-08-13>
(/usr/local/texlive/2025/texmf-dist/tex/latex/base/article.cls
Document Class: article 2025/01/22 v1.4n Standard LaTeX document class
(/usr/local/texlive/2025/texmf-dist/tex/latex/base/size11.clo))
(/usr/local/texlive/2025/texmf-dist/tex/latex/geometry/geometry.sty
(/usr/local/texlive/2025/texmf-dist/tex/latex/graphics/keyval.sty)
(/usr/local/texlive/2025/texmf-dist/tex/generic/iftex/ifvtex.sty
(/usr/local/texlive/2025/texmf-dist/tex/generic/iftex/iftex.sty)))
(/usr/local/texlive/2025/texmf-dist/tex/latex/setspace/setspace.sty)
(/usr/local/texlive/2025/texmf-dist/tex/latex/lineno/lineno.sty
(/usr/local/texlive/2025/texmf-dist/tex/latex/etoolbox/etoolbox.sty)
(/usr/local/texlive/2025/texmf-dist/tex/latex/kvoptions/kvoptions.sty
(/usr/local/texlive/2025/texmf-dist/tex/generic/ltxcmds/ltxcmds.sty)
(/usr/local/texlive/2025/texmf-dist/tex/latex/kvsetkeys/kvsetkeys.sty)))
(/usr/local/texlive/2025/texmf-dist/tex/latex/graphics/graphicx.sty
(/usr/local/texlive/2025/texmf-dist/tex/latex/graphics/graphics.sty
(/usr/local/texlive/2025/texmf-dist/tex/latex/graphics/trig.sty)
(/usr/local/texlive/2025/texmf-dist/tex/latex/graphics-cfg/graphics.cfg)
(/usr/local/texlive/2025/texmf-dist/tex/latex/graphics-def/pdftex.def)))
(/usr/local/texlive/2025/texmf-dist/tex/latex/booktabs/booktabs.sty)
(/usr/local/texlive/2025/texmf-dist/tex/latex/amsmath/amsmath.sty
For additional information on amsmath, use the `?' option.
(/usr/local/texlive/2025/texmf-dist/tex/latex/amsmath/amstext.sty
(/usr/local/texlive/2025/texmf-dist/tex/latex/amsmath/amsgen.sty))
(/usr/local/texlive/2025/texmf-dist/tex/latex/amsmath/amsbsy.sty)
(/usr/local/texlive/2025/texmf-dist/tex/latex/amsmath/amsopn.sty))
(/usr/local/texlive/2025/texmf-dist/tex/latex/amsfonts/amssymb.sty
(/usr/local/texlive/2025/texmf-dist/tex/latex/amsfonts/amsfonts.sty))
(/usr/local/texlive/2025/texmf-dist/tex/latex/siunitx/siunitx.sty
(/usr/local/texlive/2025/texmf-dist/tex/latex/translations/translations.sty
(/usr/local/texlive/2025/texmf-dist/tex/generic/pdftexcmds/pdftexcmds.sty
(/usr/local/texlive/2025/texmf-dist/tex/generic/infwarerr/infwarerr.sty)))
(/usr/local/texlive/2025/texmf-dist/tex/latex/tools/array.sty))
(/usr/local/texlive/2025/texmf-dist/tex/latex/microtype/microtype.sty
(/usr/local/texlive/2025/texmf-dist/tex/latex/microtype/microtype-pdftex.def)
(/usr/local/texlive/2025/texmf-dist/tex/latex/microtype/microtype.cfg))
(/usr/local/texlive/2025/texmf-dist/tex/latex/underscore/underscore.sty)
==> First Aid for underscore.sty applied!
(/usr/local/texlive/2025/texmf-dist/tex/latex/firstaid/underscore-ltx.sty)
(/usr/local/texlive/2025/texmf-dist/tex/latex/caption/caption.sty
(/usr/local/texlive/2025/texmf-dist/tex/latex/caption/caption3.sty))
(/usr/local/texlive/2025/texmf-dist/tex/latex/caption/subcaption.sty)
(/usr/local/texlive/2025/texmf-dist/tex/latex/natbib/natbib.sty)
(/usr/local/texlive/2025/texmf-dist/tex/latex/hyperref/hyperref.sty
(/usr/local/texlive/2025/texmf-dist/tex/generic/kvdefinekeys/kvdefinekeys.sty)
(/usr/local/texlive/2025/texmf-dist/tex/generic/pdfescape/pdfescape.sty)
(/usr/local/texlive/2025/texmf-dist/tex/latex/hycolor/hycolor.sty)
(/usr/local/texlive/2025/texmf-dist/tex/latex/hyperref/nameref.sty
(/usr/local/texlive/2025/texmf-dist/tex/latex/refcount/refcount.sty)
(/usr/local/texlive/2025/texmf-dist/tex/generic/gettitlestring/gettitlestring.s
ty)) (/usr/local/texlive/2025/texmf-dist/tex/generic/stringenc/stringenc.sty)
(/usr/local/texlive/2025/texmf-dist/tex/latex/hyperref/pd1enc.def)
(/usr/local/texlive/2025/texmf-dist/tex/generic/intcalc/intcalc.sty)
(/usr/local/texlive/2025/texmf-dist/tex/latex/hyperref/puenc.def)
(/usr/local/texlive/2025/texmf-dist/tex/latex/url/url.sty)
(/usr/local/texlive/2025/texmf-dist/tex/generic/bitset/bitset.sty
(/usr/local/texlive/2025/texmf-dist/tex/generic/bigintcalc/bigintcalc.sty)))
(/usr/local/texlive/2025/texmf-dist/tex/latex/hyperref/hpdftex.def
(/usr/local/texlive/2025/texmf-dist/tex/latex/rerunfilecheck/rerunfilecheck.sty

(/usr/local/texlive/2025/texmf-dist/tex/generic/uniquecounter/uniquecounter.sty
))) (./tables/captions.tex)
(/usr/local/texlive/2025/texmf-dist/tex/latex/graphics/color.sty
(/usr/local/texlive/2025/texmf-dist/tex/latex/graphics-cfg/color.cfg)
(/usr/local/texlive/2025/texmf-dist/tex/latex/graphics/mathcolor.ltx))
(/usr/local/texlive/2025/texmf-dist/tex/latex/l3backend/l3backend-pdftex.def)
(build/report.aux)
*geometry* driver: auto-detecting
*geometry* detected driver: pdftex
(/usr/local/texlive/2025/texmf-dist/tex/context/base/mkii/supp-pdf.mkii
[Loading MPS to PDF converter (version 2006.09.02).]
) (/usr/local/texlive/2025/texmf-dist/tex/latex/epstopdf-pkg/epstopdf-base.sty
(/usr/local/texlive/2025/texmf-dist/tex/latex/latexconfig/epstopdf-sys.cfg))
(/usr/local/texlive/2025/texmf-dist/tex/latex/translations/translations-basic-d
ictionary-english.trsl)
(/usr/local/texlive/2025/texmf-dist/tex/latex/microtype/mt-cmr.cfg)
(build/report.out) (build/report.out)
(/usr/local/texlive/2025/texmf-dist/tex/latex/amsfonts/umsa.fd)
(/usr/local/texlive/2025/texmf-dist/tex/latex/microtype/mt-msa.cfg)
(/usr/local/texlive/2025/texmf-dist/tex/latex/amsfonts/umsb.fd)
(/usr/local/texlive/2025/texmf-dist/tex/latex/microtype/mt-msb.cfg)
[1{/usr/local/texlive/2025/texmf-var/fonts/map/pdftex/updmap/pdftex.map}]
[2] (./tables/case_setup.tex) (./tables/case_settings.tex)
(./tables/rom_settings.tex) (./tables/pod_energy.tex) (./tables/force_stats.tex
)
Overfull \hbox (10.22966pt too wide) in paragraph at lines 120--121
\OT1/cmr/m/n/10.95 (-20) The fol-low-ing checks are gen-er-ated au-to-mat-i-cal
ly and are in-tended to catch com-mon force/normalization

[3] (./tables/force_stats_checks_low.tex) (./tables/force_stats_checks_high.tex
) (./tables/summary_low.tex
[4{/usr/local/texlive/2025/texmf-dist/fonts/enc/dvips/cm-super/cm-super-ts1.enc
}])
[5] (./tables/summary_high.tex)
[6 <./figures/low_svd_U.png>]
[7 <./figures/low_svd_p.png> <./figures/low_energy_U.png>]
[8 <./figures/low_energy_p.png>]
[9 <./figures/low_err_rom_only.png> <./figures/low_timeline.png>]
[10 <./figures/low_err_validate.png> <./figures/low_speed.png>]
[11 <./figures/low_forces.png> <./figures/low_coeffs.png>]
[12 <./figures/low_cl_fft.png> <./figures/high_svd_U.png>]
[13 <./figures/high_svd_p.png> <./figures/high_energy_U.png>]
[14 <./figures/high_energy_p.png> <./figures/high_timeline.png>]
[15 <./figures/high_err_validate.png> <./figures/high_speed.png>]
[16 <./figures/high_forces.png> <./figures/high_coeffs.png>]
[17 <./figures/high_cl_fft.png> <./figures/mesh_low.png (PNG copy)> <./figures/
mesh_low_zoom.png (PNG copy)>]
[18 <./figures/U_low_t0.png> <./figures/U_low_tmid.png> <./figures/U_low_tend.p
ng> <./figures/p_low_tmid.png> <./figures/low_vort_mid.png> <./figures/fom_vs_r
om_Umag_mid_low_clean.png>]
[19 <./figures/fom_vs_rom_vortZ_mid_low.png> <./figures/mode1_U.png> <./figures
/mode2_U.png> <./figures/mode3_U.png>]
[20 <./figures/mesh_high.png (PNG copy)> <./figures/mesh_high_zoom.png (PNG cop
y)> <./figures/U_high_tmid.png> <./figures/high_vort_mid.png> <./figures/fom_vs
_rom_Umag_mid_high_clean.png>] (build/report.bbl
[21])
[22] (build/report.aux) )
(see the transcript file for additional information)</usr/local/texlive/2025/te
xmf-dist/fonts/type1/public/amsfonts/cm/cmbx10.pfb></usr/local/texlive/2025/tex
mf-dist/fonts/type1/public/amsfonts/cm/cmbx12.pfb></usr/local/texlive/2025/texm
f-dist/fonts/type1/public/amsfonts/cm/cmbx9.pfb></usr/local/texlive/2025/texmf-
dist/fonts/type1/public/amsfonts/cm/cmmi10.pfb></usr/local/texlive/2025/texmf-d
ist/fonts/type1/public/amsfonts/cm/cmmi7.pfb></usr/local/texlive/2025/texmf-dis
t/fonts/type1/public/amsfonts/cm/cmmi8.pfb></usr/local/texlive/2025/texmf-dist/
fonts/type1/public/amsfonts/cm/cmmi9.pfb></usr/local/texlive/2025/texmf-dist/fo
nts/type1/public/amsfonts/cm/cmr10.pfb></usr/local/texlive/2025/texmf-dist/font
s/type1/public/amsfonts/cm/cmr12.pfb></usr/local/texlive/2025/texmf-dist/fonts/
type1/public/amsfonts/cm/cmr17.pfb></usr/local/texlive/2025/texmf-dist/fonts/ty
pe1/public/amsfonts/cm/cmr7.pfb></usr/local/texlive/2025/texmf-dist/fonts/type1
/public/amsfonts/cm/cmr8.pfb></usr/local/texlive/2025/texmf-dist/fonts/type1/pu
blic/amsfonts/cm/cmr9.pfb></usr/local/texlive/2025/texmf-dist/fonts/type1/publi
c/amsfonts/cm/cmss8.pfb></usr/local/texlive/2025/texmf-dist/fonts/type1/public/
amsfonts/cm/cmsy10.pfb></usr/local/texlive/2025/texmf-dist/fonts/type1/public/a
msfonts/cm/cmsy8.pfb></usr/local/texlive/2025/texmf-dist/fonts/type1/public/ams
fonts/cm/cmti10.pfb></usr/local/texlive/2025/texmf-dist/fonts/type1/public/amsf
onts/cm/cmtt10.pfb></usr/local/texlive/2025/texmf-dist/fonts/type1/public/cm-su
per/sfrm1095.pfb>
Output written on build/report.pdf (22 pages, 3520662 bytes).
Transcript written on build/report.log.
This is pdfTeX, Version 3.141592653-2.6-1.40.28 (TeX Live 2025) (preloaded format=pdflatex)
 restricted \write18 enabled.
entering extended mode
(./report.tex
LaTeX2e <2025-06-01> patch level 1
L3 programming layer <2025-08-13>
(/usr/local/texlive/2025/texmf-dist/tex/latex/base/article.cls
Document Class: article 2025/01/22 v1.4n Standard LaTeX document class
(/usr/local/texlive/2025/texmf-dist/tex/latex/base/size11.clo))
(/usr/local/texlive/2025/texmf-dist/tex/latex/geometry/geometry.sty
(/usr/local/texlive/2025/texmf-dist/tex/latex/graphics/keyval.sty)
(/usr/local/texlive/2025/texmf-dist/tex/generic/iftex/ifvtex.sty
(/usr/local/texlive/2025/texmf-dist/tex/generic/iftex/iftex.sty)))
(/usr/local/texlive/2025/texmf-dist/tex/latex/setspace/setspace.sty)
(/usr/local/texlive/2025/texmf-dist/tex/latex/lineno/lineno.sty
(/usr/local/texlive/2025/texmf-dist/tex/latex/etoolbox/etoolbox.sty)
(/usr/local/texlive/2025/texmf-dist/tex/latex/kvoptions/kvoptions.sty
(/usr/local/texlive/2025/texmf-dist/tex/generic/ltxcmds/ltxcmds.sty)
(/usr/local/texlive/2025/texmf-dist/tex/latex/kvsetkeys/kvsetkeys.sty)))
(/usr/local/texlive/2025/texmf-dist/tex/latex/graphics/graphicx.sty
(/usr/local/texlive/2025/texmf-dist/tex/latex/graphics/graphics.sty
(/usr/local/texlive/2025/texmf-dist/tex/latex/graphics/trig.sty)
(/usr/local/texlive/2025/texmf-dist/tex/latex/graphics-cfg/graphics.cfg)
(/usr/local/texlive/2025/texmf-dist/tex/latex/graphics-def/pdftex.def)))
(/usr/local/texlive/2025/texmf-dist/tex/latex/booktabs/booktabs.sty)
(/usr/local/texlive/2025/texmf-dist/tex/latex/amsmath/amsmath.sty
For additional information on amsmath, use the `?' option.
(/usr/local/texlive/2025/texmf-dist/tex/latex/amsmath/amstext.sty
(/usr/local/texlive/2025/texmf-dist/tex/latex/amsmath/amsgen.sty))
(/usr/local/texlive/2025/texmf-dist/tex/latex/amsmath/amsbsy.sty)
(/usr/local/texlive/2025/texmf-dist/tex/latex/amsmath/amsopn.sty))
(/usr/local/texlive/2025/texmf-dist/tex/latex/amsfonts/amssymb.sty
(/usr/local/texlive/2025/texmf-dist/tex/latex/amsfonts/amsfonts.sty))
(/usr/local/texlive/2025/texmf-dist/tex/latex/siunitx/siunitx.sty
(/usr/local/texlive/2025/texmf-dist/tex/latex/translations/translations.sty
(/usr/local/texlive/2025/texmf-dist/tex/generic/pdftexcmds/pdftexcmds.sty
(/usr/local/texlive/2025/texmf-dist/tex/generic/infwarerr/infwarerr.sty)))
(/usr/local/texlive/2025/texmf-dist/tex/latex/tools/array.sty))
(/usr/local/texlive/2025/texmf-dist/tex/latex/microtype/microtype.sty
(/usr/local/texlive/2025/texmf-dist/tex/latex/microtype/microtype-pdftex.def)
(/usr/local/texlive/2025/texmf-dist/tex/latex/microtype/microtype.cfg))
(/usr/local/texlive/2025/texmf-dist/tex/latex/underscore/underscore.sty)
==> First Aid for underscore.sty applied!
(/usr/local/texlive/2025/texmf-dist/tex/latex/firstaid/underscore-ltx.sty)
(/usr/local/texlive/2025/texmf-dist/tex/latex/caption/caption.sty
(/usr/local/texlive/2025/texmf-dist/tex/latex/caption/caption3.sty))
(/usr/local/texlive/2025/texmf-dist/tex/latex/caption/subcaption.sty)
(/usr/local/texlive/2025/texmf-dist/tex/latex/natbib/natbib.sty)
(/usr/local/texlive/2025/texmf-dist/tex/latex/hyperref/hyperref.sty
(/usr/local/texlive/2025/texmf-dist/tex/generic/kvdefinekeys/kvdefinekeys.sty)
(/usr/local/texlive/2025/texmf-dist/tex/generic/pdfescape/pdfescape.sty)
(/usr/local/texlive/2025/texmf-dist/tex/latex/hycolor/hycolor.sty)
(/usr/local/texlive/2025/texmf-dist/tex/latex/hyperref/nameref.sty
(/usr/local/texlive/2025/texmf-dist/tex/latex/refcount/refcount.sty)
(/usr/local/texlive/2025/texmf-dist/tex/generic/gettitlestring/gettitlestring.s
ty)) (/usr/local/texlive/2025/texmf-dist/tex/generic/stringenc/stringenc.sty)
(/usr/local/texlive/2025/texmf-dist/tex/latex/hyperref/pd1enc.def)
(/usr/local/texlive/2025/texmf-dist/tex/generic/intcalc/intcalc.sty)
(/usr/local/texlive/2025/texmf-dist/tex/latex/hyperref/puenc.def)
(/usr/local/texlive/2025/texmf-dist/tex/latex/url/url.sty)
(/usr/local/texlive/2025/texmf-dist/tex/generic/bitset/bitset.sty
(/usr/local/texlive/2025/texmf-dist/tex/generic/bigintcalc/bigintcalc.sty)))
(/usr/local/texlive/2025/texmf-dist/tex/latex/hyperref/hpdftex.def
(/usr/local/texlive/2025/texmf-dist/tex/latex/rerunfilecheck/rerunfilecheck.sty

(/usr/local/texlive/2025/texmf-dist/tex/generic/uniquecounter/uniquecounter.sty
))) (./tables/captions.tex)
(/usr/local/texlive/2025/texmf-dist/tex/latex/graphics/color.sty
(/usr/local/texlive/2025/texmf-dist/tex/latex/graphics-cfg/color.cfg)
(/usr/local/texlive/2025/texmf-dist/tex/latex/graphics/mathcolor.ltx))
(/usr/local/texlive/2025/texmf-dist/tex/latex/l3backend/l3backend-pdftex.def)
(build/report.aux)
*geometry* driver: auto-detecting
*geometry* detected driver: pdftex
(/usr/local/texlive/2025/texmf-dist/tex/context/base/mkii/supp-pdf.mkii
[Loading MPS to PDF converter (version 2006.09.02).]
) (/usr/local/texlive/2025/texmf-dist/tex/latex/epstopdf-pkg/epstopdf-base.sty
(/usr/local/texlive/2025/texmf-dist/tex/latex/latexconfig/epstopdf-sys.cfg))
(/usr/local/texlive/2025/texmf-dist/tex/latex/translations/translations-basic-d
ictionary-english.trsl)
(/usr/local/texlive/2025/texmf-dist/tex/latex/microtype/mt-cmr.cfg)
(build/report.out) (build/report.out)
(/usr/local/texlive/2025/texmf-dist/tex/latex/amsfonts/umsa.fd)
(/usr/local/texlive/2025/texmf-dist/tex/latex/microtype/mt-msa.cfg)
(/usr/local/texlive/2025/texmf-dist/tex/latex/amsfonts/umsb.fd)
(/usr/local/texlive/2025/texmf-dist/tex/latex/microtype/mt-msb.cfg)
[1{/usr/local/texlive/2025/texmf-var/fonts/map/pdftex/updmap/pdftex.map}]
[2] (./tables/case_setup.tex) (./tables/case_settings.tex)
(./tables/rom_settings.tex) (./tables/pod_energy.tex) (./tables/force_stats.tex
)
Overfull \hbox (10.22966pt too wide) in paragraph at lines 120--121
\OT1/cmr/m/n/10.95 (-20) The fol-low-ing checks are gen-er-ated au-to-mat-i-cal
ly and are in-tended to catch com-mon force/normalization

[3] (./tables/force_stats_checks_low.tex) (./tables/force_stats_checks_high.tex
) (./tables/summary_low.tex
[4{/usr/local/texlive/2025/texmf-dist/fonts/enc/dvips/cm-super/cm-super-ts1.enc
}])
[5] (./tables/summary_high.tex)
[6 <./figures/low_svd_U.png>]
[7 <./figures/low_svd_p.png> <./figures/low_energy_U.png>]
[8 <./figures/low_energy_p.png>]
[9 <./figures/low_err_rom_only.png> <./figures/low_timeline.png>]
[10 <./figures/low_err_validate.png> <./figures/low_speed.png>]
[11 <./figures/low_forces.png> <./figures/low_coeffs.png>]
[12 <./figures/low_cl_fft.png> <./figures/high_svd_U.png>]
[13 <./figures/high_svd_p.png> <./figures/high_energy_U.png>]
[14 <./figures/high_energy_p.png> <./figures/high_timeline.png>]
[15 <./figures/high_err_validate.png> <./figures/high_speed.png>]
[16 <./figures/high_forces.png> <./figures/high_coeffs.png>]
[17 <./figures/high_cl_fft.png> <./figures/mesh_low.png (PNG copy)> <./figures/
mesh_low_zoom.png (PNG copy)>]
[18 <./figures/U_low_t0.png> <./figures/U_low_tmid.png> <./figures/U_low_tend.p
ng> <./figures/p_low_tmid.png> <./figures/low_vort_mid.png> <./figures/fom_vs_r
om_Umag_mid_low_clean.png>]
[19 <./figures/fom_vs_rom_vortZ_mid_low.png> <./figures/mode1_U.png> <./figures
/mode2_U.png> <./figures/mode3_U.png>]
[20 <./figures/mesh_high.png (PNG copy)> <./figures/mesh_high_zoom.png (PNG cop
y)> <./figures/U_high_tmid.png> <./figures/high_vort_mid.png> <./figures/fom_vs
_rom_Umag_mid_high_clean.png>] (build/report.bbl
[21])
[22] (build/report.aux) )
(see the transcript file for additional information)</usr/local/texlive/2025/te
xmf-dist/fonts/type1/public/amsfonts/cm/cmbx10.pfb></usr/local/texlive/2025/tex
mf-dist/fonts/type1/public/amsfonts/cm/cmbx12.pfb></usr/local/texlive/2025/texm
f-dist/fonts/type1/public/amsfonts/cm/cmbx9.pfb></usr/local/texlive/2025/texmf-
dist/fonts/type1/public/amsfonts/cm/cmmi10.pfb></usr/local/texlive/2025/texmf-d
ist/fonts/type1/public/amsfonts/cm/cmmi7.pfb></usr/local/texlive/2025/texmf-dis
t/fonts/type1/public/amsfonts/cm/cmmi8.pfb></usr/local/texlive/2025/texmf-dist/
fonts/type1/public/amsfonts/cm/cmmi9.pfb></usr/local/texlive/2025/texmf-dist/fo
nts/type1/public/amsfonts/cm/cmr10.pfb></usr/local/texlive/2025/texmf-dist/font
s/type1/public/amsfonts/cm/cmr12.pfb></usr/local/texlive/2025/texmf-dist/fonts/
type1/public/amsfonts/cm/cmr17.pfb></usr/local/texlive/2025/texmf-dist/fonts/ty
pe1/public/amsfonts/cm/cmr7.pfb></usr/local/texlive/2025/texmf-dist/fonts/type1
/public/amsfonts/cm/cmr8.pfb></usr/local/texlive/2025/texmf-dist/fonts/type1/pu
blic/amsfonts/cm/cmr9.pfb></usr/local/texlive/2025/texmf-dist/fonts/type1/publi
c/amsfonts/cm/cmss8.pfb></usr/local/texlive/2025/texmf-dist/fonts/type1/public/
amsfonts/cm/cmsy10.pfb></usr/local/texlive/2025/texmf-dist/fonts/type1/public/a
msfonts/cm/cmsy8.pfb></usr/local/texlive/2025/texmf-dist/fonts/type1/public/ams
fonts/cm/cmti10.pfb></usr/local/texlive/2025/texmf-dist/fonts/type1/public/amsf
onts/cm/cmtt10.pfb></usr/local/texlive/2025/texmf-dist/fonts/type1/public/cm-su
per/sfrm1095.pfb>
Output written on build/report.pdf (22 pages, 3520662 bytes).
Transcript written on build/report.log.
[00:45:45] Report PDF: /home/kalel1938/Documents/codex_projects/adaptive_model_reduction_copy/report/build/report.pdf
[00:45:45] Done. Log saved to: /home/kalel1938/Documents/codex_projects/adaptive_model_reduction_copy/results/logs/07_make_report_20260106_004052.log
